
      Error at 11/12/2013 11:24:41 AM
           Msg:  Timeout expired.  The timeout period elapsed prior to completion of the operation or the server is not responding.
The statement has been terminated.
           Src:  .Net SqlClient Data Provider
        StkTrc:     at System.Data.SqlClient.SqlConnection.OnError(SqlException exception, Boolean breakConnection)
   at System.Data.SqlClient.TdsParser.ThrowExceptionAndWarning(TdsParserStateObject stateObj)
   at System.Data.SqlClient.TdsParser.Run(RunBehavior runBehavior, SqlCommand cmdHandler, SqlDataReader dataStream, BulkCopySimpleResultSet bulkCopyHandler, TdsParserStateObject stateObj)
   at System.Data.SqlClient.SqlDataReader.ConsumeMetaData()
   at System.Data.SqlClient.SqlDataReader.get_MetaData()
   at System.Data.SqlClient.SqlCommand.FinishExecuteReader(SqlDataReader ds, RunBehavior runBehavior, String resetOptionsString)
   at System.Data.SqlClient.SqlCommand.RunExecuteReaderTds(CommandBehavior cmdBehavior, RunBehavior runBehavior, Boolean returnStream, Boolean async)
   at System.Data.SqlClient.SqlCommand.RunExecuteReader(CommandBehavior cmdBehavior, RunBehavior runBehavior, Boolean returnStream, String method, DbAsyncResult result)
   at System.Data.SqlClient.SqlCommand.RunExecuteReader(CommandBehavior cmdBehavior, RunBehavior runBehavior, Boolean returnStream, String method)
   at System.Data.SqlClient.SqlCommand.ExecuteReader(CommandBehavior behavior, String method)
   at System.Data.SqlClient.SqlCommand.ExecuteDbDataReader(CommandBehavior behavior)
   at System.Data.Common.DbCommand.System.Data.IDbCommand.ExecuteReader(CommandBehavior behavior)
   at System.Data.Common.DbDataAdapter.FillInternal(DataSet dataset, DataTable[] datatables, Int32 startRecord, Int32 maxRecords, String srcTable, IDbCommand command, CommandBehavior behavior)
   at System.Data.Common.DbDataAdapter.Fill(DataSet dataSet, Int32 startRecord, Int32 maxRecords, String srcTable, IDbCommand command, CommandBehavior behavior)
   at System.Data.Common.DbDataAdapter.Fill(DataSet dataSet, String srcTable)
   at POSN.AdmUse.LoadGrd(String sFromDate, String sToDate, String sSortField) in C:\Code\POSNSQL\AdmUse.aspx.vb:line 75
   at POSN.AdmUse.LoadData(String sSortField) in C:\Code\POSNSQL\AdmUse.aspx.vb:line 60
   at POSN.AdmUse.cmdRefresh_Click(Object sender, ImageClickEventArgs e) in C:\Code\POSNSQL\AdmUse.aspx.vb:line 270
   at System.Web.UI.WebControls.ImageButton.OnClick(ImageClickEventArgs e)
   at System.Web.UI.WebControls.ImageButton.RaisePostBackEvent(String eventArgument)
   at System.Web.UI.Page.RaisePostBackEvent(IPostBackEventHandler sourceControl, String eventArgument)
   at System.Web.UI.Page.ProcessRequestMain(Boolean includeStagesBeforeAsyncPoint, Boolean includeStagesAfterAsyncPoint)
        ReqFrm:  __EVENTTARGET=&__EVENTARGUMENT=&__VIEWSTATE=%2fwEPDwUKLTU5MTE3MTM4OQ9kFgICAQ9kFgICAQ9kFgICEw88KwALAQAPFggeCERhdGFLZXlzFgAeC18hSXRlbUNvdW50AgEeCVBhZ2VDb3VudAIBHhVfIURhdGFTb3VyY2VJdGVtQ291bnQCAWQWAmYPZBYCAgEPZBYUZg9kFgICAQ8PFgIeD0NvbW1hbmRBcmd1bWVudAUJR0VBIDMwODQ2ZGQCAQ8PFgIeBFRleHQFBTExODgzZGQCAg8PFgIfBQUGQWN0aXZlZGQCAw8PFgIfBQUBMGRkAgQPDxYCHwUFAzYwMGRkAgUPDxYCHwUFATBkZAIGDw8WAh8FBQEwZGQCBw8PFgIfBQUGJm5ic3A7ZGQCCA8PFgIfBQUJR0VBIDMwODQ2ZGQCCQ8PFgIfBQU5IlMxIiBQb2NrZXQgQnJvY2h1cmUgdy8iQmVudGx5ICBOZXZhZGE6IEEgSGlzdG9yeSIgSW5zZXJ0ZGQYAQUeX19Db250cm9sc1JlcXVpcmVQb3N0QmFja0tleV9fFgIFCmNtZFJlZnJlc2gFCGNtZFByaW5061DGlhbo5p%2bgm58guDpFp0NAwdo%3d&__EVENTVALIDATION=%2fwEWDgLQubDnCwKvzsotAoX7%2brELAvbGx%2fQJAvHLiKwNAoy1psEHArv5zIEJAtbi6pYDAt3w%2f4AGAvjZnRYCp57E1gECwofi6wsC44TmogcCu8Di8AfMBH81SYwdpRNaGORyohNUHe0Fqw%3d%3d&txtFrom=1%2f12%2f2013&txtTo=11%2f12%2f2013&cmdRefresh.x=26&cmdRefresh.y=11
        ReqStr:  

