
      Error at 10/17/2013 10:16:33 AM
           Msg:  Timeout expired.  The timeout period elapsed prior to completion of the operation or the server is not responding.
           Src:  .Net SqlClient Data Provider
        StkTrc:     at System.Data.SqlClient.SqlConnection.OnError(SqlException exception, Boolean breakConnection)
   at System.Data.SqlClient.SqlInternalConnection.OnError(SqlException exception, Boolean breakConnection)
   at System.Data.SqlClient.TdsParser.ThrowExceptionAndWarning(TdsParserStateObject stateObj)
   at System.Data.SqlClient.TdsParser.Run(RunBehavior runBehavior, SqlCommand cmdHandler, SqlDataReader dataStream, BulkCopySimpleResultSet bulkCopyHandler, TdsParserStateObject stateObj)
   at System.Data.SqlClient.SqlDataReader.ConsumeMetaData()
   at System.Data.SqlClient.SqlDataReader.get_MetaData()
   at System.Data.SqlClient.SqlCommand.FinishExecuteReader(SqlDataReader ds, RunBehavior runBehavior, String resetOptionsString)
   at System.Data.SqlClient.SqlCommand.RunExecuteReaderTds(CommandBehavior cmdBehavior, RunBehavior runBehavior, Boolean returnStream, Boolean async)
   at System.Data.SqlClient.SqlCommand.RunExecuteReader(CommandBehavior cmdBehavior, RunBehavior runBehavior, Boolean returnStream, String method, DbAsyncResult result)
   at System.Data.SqlClient.SqlCommand.RunExecuteReader(CommandBehavior cmdBehavior, RunBehavior runBehavior, Boolean returnStream, String method)
   at System.Data.SqlClient.SqlCommand.ExecuteReader(CommandBehavior behavior, String method)
   at System.Data.SqlClient.SqlCommand.ExecuteDbDataReader(CommandBehavior behavior)
   at System.Data.Common.DbCommand.System.Data.IDbCommand.ExecuteReader(CommandBehavior behavior)
   at System.Data.Common.DbDataAdapter.FillInternal(DataSet dataset, DataTable[] datatables, Int32 startRecord, Int32 maxRecords, String srcTable, IDbCommand command, CommandBehavior behavior)
   at System.Data.Common.DbDataAdapter.Fill(DataSet dataSet, Int32 startRecord, Int32 maxRecords, String srcTable, IDbCommand command, CommandBehavior behavior)
   at System.Data.Common.DbDataAdapter.Fill(DataSet dataSet, String srcTable)
   at POSN.AdmUse.LoadGrd(String sFromDate, String sToDate, String sSortField) in C:\Code\POSNSQL\AdmUse.aspx.vb:line 75
   at POSN.AdmUse.LoadData(String sSortField) in C:\Code\POSNSQL\AdmUse.aspx.vb:line 60
   at POSN.AdmUse.cmdRefresh_Click(Object sender, ImageClickEventArgs e) in C:\Code\POSNSQL\AdmUse.aspx.vb:line 270
   at System.Web.UI.WebControls.ImageButton.OnClick(ImageClickEventArgs e)
   at System.Web.UI.WebControls.ImageButton.RaisePostBackEvent(String eventArgument)
   at System.Web.UI.WebControls.ImageButton.System.Web.UI.IPostBackEventHandler.RaisePostBackEvent(String eventArgument)
   at System.Web.UI.Page.RaisePostBackEvent(IPostBackEventHandler sourceControl, String eventArgument)
   at System.Web.UI.Page.RaisePostBackEvent(NameValueCollection postData)
   at System.Web.UI.Page.ProcessRequestMain(Boolean includeStagesBeforeAsyncPoint, Boolean includeStagesAfterAsyncPoint)
        ReqFrm:  __EVENTTARGET=&__EVENTARGUMENT=&__VIEWSTATE=%2fwEPDwUKLTU5MTE3MTM4OQ9kFgICAQ9kFgICAQ9kFgICEw88KwALAQAPFggeCERhdGFLZXlzFgAeC18hSXRlbUNvdW50AgIeCVBhZ2VDb3VudAIBHhVfIURhdGFTb3VyY2VJdGVtQ291bnQCAmQWAmYPZBYEAgEPZBYUZg9kFgICAQ8PFgIeD0NvbW1hbmRBcmd1bWVudAUKR0VBIDE0MzU1RmRkAgEPDxYCHgRUZXh0BQQ2MzE4ZGQCAg8PFgIfBQUGQWN0aXZlZGQCAw8PFgIfBQUBMGRkAgQPDxYCHwUFATBkZAIFDw8WAh8FBQEwZGQCBg8PFgIfBQUBM2RkAgcPDxYCHwUFBEFFUk9kZAIIDw8WAh8FBQpHRUEgMTQzNTVGZGQCCQ8PFgIfBQUPTE1TMTAwIEJyb2NodXJlZGQCAg9kFhRmD2QWAgIBDw8WAh8EBQpHRUEgMTUwMzdBZGQCAQ8PFgIfBQUENjM5OGRkAgIPDxYCHwUFBkFjdGl2ZWRkAgMPDxYCHwUFATBkZAIEDw8WAh8FBQEwZGQCBQ8PFgIfBQUBMGRkAgYPDxYCHwUFATFkZAIHDw8WAh8FBQRBRVJPZGQCCA8PFgIfBQUKR0VBIDE1MDM3QWRkAgkPDxYCHwUFIUhvdXN0b24gU2VydmljZSBDZW50ZXIgU2l0ZSBTaGVldGRkGAEFHl9fQ29udHJvbHNSZXF1aXJlUG9zdEJhY2tLZXlfXxYCBQpjbWRSZWZyZXNoBQhjbWRQcmludESV5MQAt9yWaCVFMaMqoA%2fRso7H&__EVENTVALIDATION=%2fwEWDwLMtM4aAq%2fOyi0Chfv6sQsC9sbH9AkC8cuIrA0CjLWmwQcCu%2fnMgQkC1uLqlgMC3fD%2fgAYC%2bNmdFgKnnsTWAQLCh%2bLrCwLjhOaiBwKG%2feeiBwK7wOLwB3MyB8yjWbyc9abdKVH5k1kkL0d0&txtFrom=08%2f17%2f2012&txtTo=10%2f17%2f2013&cmdRefresh.x=18&cmdRefresh.y=4
        ReqStr:  

