
      Error at 11/12/2013 11:50:01 AM
           Msg:  Object reference not set to an instance of an object.
           Src:  POS
        StkTrc:     at POSN.OrdShp.GetSelectShipNote() in C:\Code\POSNSQL\OrdShp.aspx.vb:line 817
   at POSN.OrdShp.ChangePrefShip() in C:\Code\POSNSQL\OrdShp.aspx.vb:line 977
   at POSN.OrdShp.Page_Load(Object sender, EventArgs e) in C:\Code\POSNSQL\OrdShp.aspx.vb:line 150
   at System.Web.UI.Control.OnLoad(EventArgs e)
   at System.Web.UI.Control.LoadRecursive()
   at System.Web.UI.Page.ProcessRequestMain(Boolean includeStagesBeforeAsyncPoint, Boolean includeStagesAfterAsyncPoint)
        ReqFrm:  
        ReqStr:  


      Error at 11/12/2013 11:50:10 AM
           Msg:  Object reference not set to an instance of an object.
           Src:  POS
        StkTrc:     at POSN.OrdShp.GetSelectShipNote() in C:\Code\POSNSQL\OrdShp.aspx.vb:line 817
   at POSN.OrdShp.ChangePrefShip() in C:\Code\POSNSQL\OrdShp.aspx.vb:line 977
   at POSN.OrdShp.Page_Load(Object sender, EventArgs e) in C:\Code\POSNSQL\OrdShp.aspx.vb:line 150
   at System.Web.UI.Control.OnLoad(EventArgs e)
   at System.Web.UI.Control.LoadRecursive()
   at System.Web.UI.Page.ProcessRequestMain(Boolean includeStagesBeforeAsyncPoint, Boolean includeStagesAfterAsyncPoint)
        ReqFrm:  
        ReqStr:  


      Error at 11/12/2013 11:50:22 AM
           Msg:  Object reference not set to an instance of an object.
           Src:  POS
        StkTrc:     at POSN.OrdShp.GetSelectShipNote() in C:\Code\POSNSQL\OrdShp.aspx.vb:line 817
   at POSN.OrdShp.ChangePrefShip() in C:\Code\POSNSQL\OrdShp.aspx.vb:line 977
   at POSN.OrdShp.Page_Load(Object sender, EventArgs e) in C:\Code\POSNSQL\OrdShp.aspx.vb:line 150
   at System.Web.UI.Control.OnLoad(EventArgs e)
   at System.Web.UI.Control.LoadRecursive()
   at System.Web.UI.Page.ProcessRequestMain(Boolean includeStagesBeforeAsyncPoint, Boolean includeStagesAfterAsyncPoint)
        ReqFrm:  
        ReqStr:  


      Error at 11/12/2013 11:50:23 AM
           Msg:  Object reference not set to an instance of an object.
           Src:  POS
        StkTrc:     at POSN.OrdShp.GetSelectShipNote() in C:\Code\POSNSQL\OrdShp.aspx.vb:line 817
   at POSN.OrdShp.ChangePrefShip() in C:\Code\POSNSQL\OrdShp.aspx.vb:line 977
   at POSN.OrdShp.Page_Load(Object sender, EventArgs e) in C:\Code\POSNSQL\OrdShp.aspx.vb:line 150
   at System.Web.UI.Control.OnLoad(EventArgs e)
   at System.Web.UI.Control.LoadRecursive()
   at System.Web.UI.Page.ProcessRequestMain(Boolean includeStagesBeforeAsyncPoint, Boolean includeStagesAfterAsyncPoint)
        ReqFrm:  
        ReqStr:  


      Error at 11/12/2013 11:50:23 AM
           Msg:  Object reference not set to an instance of an object.
           Src:  POS
        StkTrc:     at POSN.OrdShp.GetSelectShipNote() in C:\Code\POSNSQL\OrdShp.aspx.vb:line 817
   at POSN.OrdShp.ChangePrefShip() in C:\Code\POSNSQL\OrdShp.aspx.vb:line 977
   at POSN.OrdShp.Page_Load(Object sender, EventArgs e) in C:\Code\POSNSQL\OrdShp.aspx.vb:line 150
   at System.Web.UI.Control.OnLoad(EventArgs e)
   at System.Web.UI.Control.LoadRecursive()
   at System.Web.UI.Page.ProcessRequestMain(Boolean includeStagesBeforeAsyncPoint, Boolean includeStagesAfterAsyncPoint)
        ReqFrm:  
        ReqStr:  


      Error at 11/12/2013 11:50:23 AM
           Msg:  Object reference not set to an instance of an object.
           Src:  POS
        StkTrc:     at POSN.OrdShp.GetSelectShipNote() in C:\Code\POSNSQL\OrdShp.aspx.vb:line 817
   at POSN.OrdShp.ChangePrefShip() in C:\Code\POSNSQL\OrdShp.aspx.vb:line 977
   at POSN.OrdShp.Page_Load(Object sender, EventArgs e) in C:\Code\POSNSQL\OrdShp.aspx.vb:line 150
   at System.Web.UI.Control.OnLoad(EventArgs e)
   at System.Web.UI.Control.LoadRecursive()
   at System.Web.UI.Page.ProcessRequestMain(Boolean includeStagesBeforeAsyncPoint, Boolean includeStagesAfterAsyncPoint)
        ReqFrm:  
        ReqStr:  


      Error at 11/12/2013 11:50:24 AM
           Msg:  Object reference not set to an instance of an object.
           Src:  POS
        StkTrc:     at POSN.OrdShp.GetSelectShipNote() in C:\Code\POSNSQL\OrdShp.aspx.vb:line 817
   at POSN.OrdShp.ChangePrefShip() in C:\Code\POSNSQL\OrdShp.aspx.vb:line 977
   at POSN.OrdShp.Page_Load(Object sender, EventArgs e) in C:\Code\POSNSQL\OrdShp.aspx.vb:line 150
   at System.Web.UI.Control.OnLoad(EventArgs e)
   at System.Web.UI.Control.LoadRecursive()
   at System.Web.UI.Page.ProcessRequestMain(Boolean includeStagesBeforeAsyncPoint, Boolean includeStagesAfterAsyncPoint)
        ReqFrm:  
        ReqStr:  


      Error at 11/12/2013 11:50:24 AM
           Msg:  Object reference not set to an instance of an object.
           Src:  POS
        StkTrc:     at POSN.OrdShp.GetSelectShipNote() in C:\Code\POSNSQL\OrdShp.aspx.vb:line 817
   at POSN.OrdShp.ChangePrefShip() in C:\Code\POSNSQL\OrdShp.aspx.vb:line 977
   at POSN.OrdShp.Page_Load(Object sender, EventArgs e) in C:\Code\POSNSQL\OrdShp.aspx.vb:line 150
   at System.Web.UI.Control.OnLoad(EventArgs e)
   at System.Web.UI.Control.LoadRecursive()
   at System.Web.UI.Page.ProcessRequestMain(Boolean includeStagesBeforeAsyncPoint, Boolean includeStagesAfterAsyncPoint)
        ReqFrm:  
        ReqStr:  


      Error at 11/12/2013 11:50:40 AM
           Msg:  Object reference not set to an instance of an object.
           Src:  POS
        StkTrc:     at POSN.OrdShp.GetSelectShipNote() in C:\Code\POSNSQL\OrdShp.aspx.vb:line 817
   at POSN.OrdShp.ChangePrefShip() in C:\Code\POSNSQL\OrdShp.aspx.vb:line 977
   at POSN.OrdShp.Page_Load(Object sender, EventArgs e) in C:\Code\POSNSQL\OrdShp.aspx.vb:line 150
   at System.Web.UI.Control.OnLoad(EventArgs e)
   at System.Web.UI.Control.LoadRecursive()
   at System.Web.UI.Page.ProcessRequestMain(Boolean includeStagesBeforeAsyncPoint, Boolean includeStagesAfterAsyncPoint)
        ReqFrm:  
        ReqStr:  


      Error at 11/12/2013 11:50:41 AM
           Msg:  Object reference not set to an instance of an object.
           Src:  POS
        StkTrc:     at POSN.OrdShp.GetSelectShipNote() in C:\Code\POSNSQL\OrdShp.aspx.vb:line 817
   at POSN.OrdShp.ChangePrefShip() in C:\Code\POSNSQL\OrdShp.aspx.vb:line 977
   at POSN.OrdShp.Page_Load(Object sender, EventArgs e) in C:\Code\POSNSQL\OrdShp.aspx.vb:line 150
   at System.Web.UI.Control.OnLoad(EventArgs e)
   at System.Web.UI.Control.LoadRecursive()
   at System.Web.UI.Page.ProcessRequestMain(Boolean includeStagesBeforeAsyncPoint, Boolean includeStagesAfterAsyncPoint)
        ReqFrm:  
        ReqStr:  


      Error at 11/12/2013 11:50:41 AM
           Msg:  Object reference not set to an instance of an object.
           Src:  POS
        StkTrc:     at POSN.OrdShp.GetSelectShipNote() in C:\Code\POSNSQL\OrdShp.aspx.vb:line 817
   at POSN.OrdShp.ChangePrefShip() in C:\Code\POSNSQL\OrdShp.aspx.vb:line 977
   at POSN.OrdShp.Page_Load(Object sender, EventArgs e) in C:\Code\POSNSQL\OrdShp.aspx.vb:line 150
   at System.Web.UI.Control.OnLoad(EventArgs e)
   at System.Web.UI.Control.LoadRecursive()
   at System.Web.UI.Page.ProcessRequestMain(Boolean includeStagesBeforeAsyncPoint, Boolean includeStagesAfterAsyncPoint)
        ReqFrm:  
        ReqStr:  


      Error at 11/12/2013 11:50:42 AM
           Msg:  Object reference not set to an instance of an object.
           Src:  POS
        StkTrc:     at POSN.OrdShp.GetSelectShipNote() in C:\Code\POSNSQL\OrdShp.aspx.vb:line 817
   at POSN.OrdShp.ChangePrefShip() in C:\Code\POSNSQL\OrdShp.aspx.vb:line 977
   at POSN.OrdShp.Page_Load(Object sender, EventArgs e) in C:\Code\POSNSQL\OrdShp.aspx.vb:line 150
   at System.Web.UI.Control.OnLoad(EventArgs e)
   at System.Web.UI.Control.LoadRecursive()
   at System.Web.UI.Page.ProcessRequestMain(Boolean includeStagesBeforeAsyncPoint, Boolean includeStagesAfterAsyncPoint)
        ReqFrm:  
        ReqStr:  


      Error at 11/12/2013 11:50:42 AM
           Msg:  Object reference not set to an instance of an object.
           Src:  POS
        StkTrc:     at POSN.OrdShp.GetSelectShipNote() in C:\Code\POSNSQL\OrdShp.aspx.vb:line 817
   at POSN.OrdShp.ChangePrefShip() in C:\Code\POSNSQL\OrdShp.aspx.vb:line 977
   at POSN.OrdShp.Page_Load(Object sender, EventArgs e) in C:\Code\POSNSQL\OrdShp.aspx.vb:line 150
   at System.Web.UI.Control.OnLoad(EventArgs e)
   at System.Web.UI.Control.LoadRecursive()
   at System.Web.UI.Page.ProcessRequestMain(Boolean includeStagesBeforeAsyncPoint, Boolean includeStagesAfterAsyncPoint)
        ReqFrm:  
        ReqStr:  


      Error at 11/12/2013 11:50:42 AM
           Msg:  Object reference not set to an instance of an object.
           Src:  POS
        StkTrc:     at POSN.OrdShp.GetSelectShipNote() in C:\Code\POSNSQL\OrdShp.aspx.vb:line 817
   at POSN.OrdShp.ChangePrefShip() in C:\Code\POSNSQL\OrdShp.aspx.vb:line 977
   at POSN.OrdShp.Page_Load(Object sender, EventArgs e) in C:\Code\POSNSQL\OrdShp.aspx.vb:line 150
   at System.Web.UI.Control.OnLoad(EventArgs e)
   at System.Web.UI.Control.LoadRecursive()
   at System.Web.UI.Page.ProcessRequestMain(Boolean includeStagesBeforeAsyncPoint, Boolean includeStagesAfterAsyncPoint)
        ReqFrm:  
        ReqStr:  

