
      Error at 3/30/2015 4:14:03 PM
           Msg:  The value '' of the ValueToCompare property of 'vMaxQty' cannot be converted to type 'Integer'.
           Src:  System.Web
        StkTrc:     at System.Web.UI.WebControls.CompareValidator.ControlPropertiesValid()
   at System.Web.UI.WebControls.BaseValidator.get_PropertiesValid()
   at System.Web.UI.WebControls.BaseValidator.OnPreRender(EventArgs e)
   at System.Web.UI.Control.PreRenderRecursiveInternal()
   at System.Web.UI.Control.PreRenderRecursiveInternal()
   at System.Web.UI.Control.PreRenderRecursiveInternal()
   at System.Web.UI.Page.ProcessRequestMain(Boolean includeStagesBeforeAsyncPoint, Boolean includeStagesAfterAsyncPoint)
        ReqFrm:  
        ReqStr:  


      Error at 3/30/2015 4:14:16 PM
           Msg:  The value '' of the ValueToCompare property of 'vMaxQty' cannot be converted to type 'Integer'.
           Src:  System.Web
        StkTrc:     at System.Web.UI.WebControls.CompareValidator.ControlPropertiesValid()
   at System.Web.UI.WebControls.BaseValidator.get_PropertiesValid()
   at System.Web.UI.WebControls.BaseValidator.OnPreRender(EventArgs e)
   at System.Web.UI.Control.PreRenderRecursiveInternal()
   at System.Web.UI.Control.PreRenderRecursiveInternal()
   at System.Web.UI.Control.PreRenderRecursiveInternal()
   at System.Web.UI.Page.ProcessRequestMain(Boolean includeStagesBeforeAsyncPoint, Boolean includeStagesAfterAsyncPoint)
        ReqFrm:  
        ReqStr:  


      Error at 3/30/2015 4:14:33 PM
           Msg:  The value '' of the ValueToCompare property of 'vMaxQty' cannot be converted to type 'Integer'.
           Src:  System.Web
        StkTrc:     at System.Web.UI.WebControls.CompareValidator.ControlPropertiesValid()
   at System.Web.UI.WebControls.BaseValidator.get_PropertiesValid()
   at System.Web.UI.WebControls.BaseValidator.OnPreRender(EventArgs e)
   at System.Web.UI.Control.PreRenderRecursiveInternal()
   at System.Web.UI.Control.PreRenderRecursiveInternal()
   at System.Web.UI.Control.PreRenderRecursiveInternal()
   at System.Web.UI.Page.ProcessRequestMain(Boolean includeStagesBeforeAsyncPoint, Boolean includeStagesAfterAsyncPoint)
        ReqFrm:  
        ReqStr:  


      Error at 3/30/2015 4:14:41 PM
           Msg:  The value '' of the ValueToCompare property of 'vMaxQty' cannot be converted to type 'Integer'.
           Src:  System.Web
        StkTrc:     at System.Web.UI.WebControls.CompareValidator.ControlPropertiesValid()
   at System.Web.UI.WebControls.BaseValidator.get_PropertiesValid()
   at System.Web.UI.WebControls.BaseValidator.OnPreRender(EventArgs e)
   at System.Web.UI.Control.PreRenderRecursiveInternal()
   at System.Web.UI.Control.PreRenderRecursiveInternal()
   at System.Web.UI.Control.PreRenderRecursiveInternal()
   at System.Web.UI.Page.ProcessRequestMain(Boolean includeStagesBeforeAsyncPoint, Boolean includeStagesAfterAsyncPoint)
        ReqFrm:  
        ReqStr:  

