
      Error at 2/25/2015 4:44:39 PM
           Msg:  ODBC--connection to 'PARALOCAL2' failed.
           Src:  Microsoft JET Database Engine
        StkTrc:     at System.Data.OleDb.OleDbCommand.ExecuteCommandTextErrorHandling(OleDbHResult hr)
   at System.Data.OleDb.OleDbCommand.ExecuteCommandTextForSingleResult(tagDBPARAMS dbParams, Object& executeResult)
   at System.Data.OleDb.OleDbCommand.ExecuteCommandText(Object& executeResult)
   at System.Data.OleDb.OleDbCommand.ExecuteCommand(CommandBehavior behavior, Object& executeResult)
   at System.Data.OleDb.OleDbCommand.ExecuteReaderInternal(CommandBehavior behavior, String method)
   at System.Data.OleDb.OleDbCommand.ExecuteReader(CommandBehavior behavior)
   at System.Data.OleDb.OleDbCommand.System.Data.IDbCommand.ExecuteReader(CommandBehavior behavior)
   at System.Data.Common.DbDataAdapter.FillInternal(DataSet dataset, DataTable[] datatables, Int32 startRecord, Int32 maxRecords, String srcTable, IDbCommand command, CommandBehavior behavior)
   at System.Data.Common.DbDataAdapter.Fill(DataSet dataSet, Int32 startRecord, Int32 maxRecords, String srcTable, IDbCommand command, CommandBehavior behavior)
   at System.Data.Common.DbDataAdapter.Fill(DataSet dataSet, String srcTable)
   at POSN.AdmKitL.LoadGrd() in C:\Para\POSNSQL\AdmKitL.aspx.vb:line 70
   at POSN.AdmKitL.LoadData() in C:\Para\POSNSQL\AdmKitL.aspx.vb:line 52
   at POSN.AdmKitL.Page_Init(Object sender, EventArgs e) in C:\Para\POSNSQL\AdmKitL.aspx.vb:line 28
   at System.Web.UI.Control.OnInit(EventArgs e)
   at System.Web.UI.Page.OnInit(EventArgs e)
   at System.Web.UI.Control.InitRecursive(Control namingContainer)
   at System.Web.UI.Page.ProcessRequestMain(Boolean includeStagesBeforeAsyncPoint, Boolean includeStagesAfterAsyncPoint)
        ReqFrm:  
        ReqStr:  


      Error at 2/25/2015 4:44:40 PM
           Msg:  ODBC--connection to 'PARALOCAL2' failed.
           Src:  Microsoft JET Database Engine
        StkTrc:     at System.Data.OleDb.OleDbCommand.ExecuteCommandTextErrorHandling(OleDbHResult hr)
   at System.Data.OleDb.OleDbCommand.ExecuteCommandTextForSingleResult(tagDBPARAMS dbParams, Object& executeResult)
   at System.Data.OleDb.OleDbCommand.ExecuteCommandText(Object& executeResult)
   at System.Data.OleDb.OleDbCommand.ExecuteCommand(CommandBehavior behavior, Object& executeResult)
   at System.Data.OleDb.OleDbCommand.ExecuteReaderInternal(CommandBehavior behavior, String method)
   at System.Data.OleDb.OleDbCommand.ExecuteReader(CommandBehavior behavior)
   at System.Data.OleDb.OleDbCommand.System.Data.IDbCommand.ExecuteReader(CommandBehavior behavior)
   at System.Data.Common.DbDataAdapter.FillInternal(DataSet dataset, DataTable[] datatables, Int32 startRecord, Int32 maxRecords, String srcTable, IDbCommand command, CommandBehavior behavior)
   at System.Data.Common.DbDataAdapter.Fill(DataSet dataSet, Int32 startRecord, Int32 maxRecords, String srcTable, IDbCommand command, CommandBehavior behavior)
   at System.Data.Common.DbDataAdapter.Fill(DataSet dataSet, String srcTable)
   at POSN.AdmKitL.LoadGrd() in C:\Para\POSNSQL\AdmKitL.aspx.vb:line 70
   at POSN.AdmKitL.LoadData() in C:\Para\POSNSQL\AdmKitL.aspx.vb:line 52
   at POSN.AdmKitL.Page_Init(Object sender, EventArgs e) in C:\Para\POSNSQL\AdmKitL.aspx.vb:line 28
   at System.Web.UI.Control.OnInit(EventArgs e)
   at System.Web.UI.Page.OnInit(EventArgs e)
   at System.Web.UI.Control.InitRecursive(Control namingContainer)
   at System.Web.UI.Page.ProcessRequestMain(Boolean includeStagesBeforeAsyncPoint, Boolean includeStagesAfterAsyncPoint)
        ReqFrm:  
        ReqStr:  

