      10-09-2015 08:44:27 - ORDER:    OrderCreate Start...  
      10-09-2015 08:44:27 - ORDER:      Base Order Start...
      10-09-2015 08:44:27 - ORDER:        Base Variables Loaded...
      10-09-2015 08:44:27 - ORDER:      Connected...
      10-09-2015 08:44:27 - ORDER:      Access Code ID:  497
      10-09-2015 08:44:27 - ORDER:        Inserted Base Record:  INSERT INTO [Order] (StatusID, AccessCodeID, RequestDate, Requestor_Title, Requestor_FirstName, Requestor_LastName, Requestor_Email, CoverSheetID, CS_Content, ProcessingChg, MonthlyChg, FreightMarkupChg, PreferredShipID, ActualShipID, ShipHdChg, ShipNote, ShipTo_Name, ShipTo_Address1, ShipTo_Address2, ShipTo_City, ShipTo_State, ShipTo_ZipCode, ShipTo_Country, ShipTo_ContactFirstName, ShipTo_ContactLastName, ModifiedDate,TempGUID,RecipientPhone,RecipientEmail ,SendRecipientConfirmEmail ) VALUES (6, 497, '10/9/2015 8:44:27 AM', '', 'Steve', 'Higgins', 'steve.higgins@waynehomes.com', 30, '', 2.5, 172, 10, 26, 26, 0, '', '', '3823 N. Santom Rd.', '', 'Stow', 'OH', '44224', 'United States', 'Sue', 'Frederick','10/9/2015 8:44:27 AM','df914b83-1c24-4585-ba1d-72a61805a486', '', '', 'False') 
      10-09-2015 08:44:27 - ORDER:          Message:    Successful Execute
      10-09-2015 08:44:27 - ORDER:      Reading Order ID...  497 AND 10/9/2015 8:44:27 AM
      10-09-2015 08:44:27 - ORDER:        SELECT ID AS OrderID FROM [Order] WHERE ((AccessCodeID = 497) AND (TempGUID = 'df914b83-1c24-4585-ba1d-72a61805a486'))
      10-09-2015 08:44:28 - ORDER:        Located Order ID...  84730
      10-09-2015 08:44:28 - ORDER:        Order ID:  84730
      10-09-2015 08:44:28 - ORDER:      Base Order End
      10-09-2015 08:44:28 - ORDER:      Saving Custom Start...
      10-09-2015 08:44:28 - ORDER:        Attempt to Reset Cnn - OrderCreate_Custom
      10-09-2015 08:44:28 - ORDER:      Saved Custom End True
      10-09-2015 08:44:28 - ORDER:      Saving Items Start...
      10-09-2015 08:44:28 - ORDER:        Attempt to Reset Cnn - OrderCreate_Itms
      10-09-2015 08:44:28 - ORDER:      Saved Items End True
      10-09-2015 08:44:28 - ORDER:      Saving Kits Start...
      10-09-2015 08:44:28 - ORDER:        Attempt to Reset Cnn - OrderCreate_Kits
      10-09-2015 08:44:28 - ORDER:      Saved Kits End True
      10-09-2015 08:44:29 - ORDER:      Requires Authorization:  False
      10-09-2015 08:44:29 - ORDER:      Order Activated:  True
      10-09-2015 08:44:29 - ORDER:    SendMessage - trying to send email to: steve.higgins@waynehomes.com, Subject: Order Confirmation
      10-09-2015 08:44:50 - ORDER:    SendNewOrderNotifications for order# 84730
      10-09-2015 08:44:50 - ORDER:    OrderCreate End... True10/9/2015 8:44:50 AM

      10-09-2015 08:44:50 - ORDER:    Closing Connection
      10-09-2015 08:44:50 - ORDER:    OrderID = 84730
      10-09-2015 08:44:50 - ORDER:    OrderCreate >> Success ? True

      10-09-2015 11:16:45 - ORDER:    OrderCreate Start...  
      10-09-2015 11:16:45 - ORDER:      Base Order Start...
      10-09-2015 11:16:45 - ORDER:        Base Variables Loaded...
      10-09-2015 11:16:45 - ORDER:      Connected...
      10-09-2015 11:16:45 - ORDER:      Access Code ID:  497
      10-09-2015 11:16:45 - ORDER:        Inserted Base Record:  INSERT INTO [Order] (StatusID, AccessCodeID, RequestDate, Requestor_Title, Requestor_FirstName, Requestor_LastName, Requestor_Email, CoverSheetID, CS_Content, ProcessingChg, MonthlyChg, FreightMarkupChg, PreferredShipID, ActualShipID, ShipHdChg, ShipNote, ShipTo_Name, ShipTo_Address1, ShipTo_Address2, ShipTo_City, ShipTo_State, ShipTo_ZipCode, ShipTo_Country, ShipTo_ContactFirstName, ShipTo_ContactLastName, ModifiedDate,TempGUID,RecipientPhone,RecipientEmail ,SendRecipientConfirmEmail ) VALUES (6, 497, '10/9/2015 11:16:45 AM', '', 'Steve', 'Higgins', 'steve.higgins@waynehomes.com', 30, '', 2.5, 172, 10, 26, 26, 0, '', '', '3823 N. Santom Rd.', '', 'Stow', 'OH', '44224', 'United States', 'Sue', 'Frederick','10/9/2015 11:16:45 AM','fd67e6ee-de5e-4d68-933f-ff254f391101', '', '', 'False') 
      10-09-2015 11:16:45 - ORDER:          Message:    Successful Execute
      10-09-2015 11:16:45 - ORDER:      Reading Order ID...  497 AND 10/9/2015 11:16:45 AM
      10-09-2015 11:16:45 - ORDER:        SELECT ID AS OrderID FROM [Order] WHERE ((AccessCodeID = 497) AND (TempGUID = 'fd67e6ee-de5e-4d68-933f-ff254f391101'))
      10-09-2015 11:16:45 - ORDER:        Located Order ID...  84731
      10-09-2015 11:16:45 - ORDER:        Order ID:  84731
      10-09-2015 11:16:45 - ORDER:      Base Order End
      10-09-2015 11:16:45 - ORDER:      Saving Custom Start...
      10-09-2015 11:16:45 - ORDER:        Attempt to Reset Cnn - OrderCreate_Custom
      10-09-2015 11:16:45 - ORDER:      Saved Custom End True
      10-09-2015 11:16:45 - ORDER:      Saving Items Start...
      10-09-2015 11:16:45 - ORDER:        Attempt to Reset Cnn - OrderCreate_Itms
      10-09-2015 11:16:46 - ORDER:      Saved Items End True
      10-09-2015 11:16:46 - ORDER:      Saving Kits Start...
      10-09-2015 11:16:46 - ORDER:        Attempt to Reset Cnn - OrderCreate_Kits
      10-09-2015 11:16:46 - ORDER:      Saved Kits End True
      10-09-2015 11:16:46 - ORDER:      Requires Authorization:  False
      10-09-2015 11:16:46 - ORDER:      Order Activated:  True
      10-09-2015 11:16:46 - ORDER:    SendMessage - trying to send email to: steve.higgins@waynehomes.com, Subject: Order Confirmation
      10-09-2015 11:17:07 - ORDER:    SendNewOrderNotifications for order# 84731
      10-09-2015 11:17:07 - ORDER:    OrderCreate End... True10/9/2015 11:17:07 AM

      10-09-2015 11:17:07 - ORDER:    Closing Connection
      10-09-2015 11:17:07 - ORDER:    OrderID = 84731
      10-09-2015 11:17:07 - ORDER:    OrderCreate >> Success ? True

