      08-20-2015 09:18:41 - ORDER:    OrderCreate Start...  
      08-20-2015 09:18:41 - ORDER:      Base Order Start...
      08-20-2015 09:18:41 - ORDER:        Base Variables Loaded...
      08-20-2015 09:18:41 - ORDER:      Connected...
      08-20-2015 09:18:41 - ORDER:      Access Code ID:  497
      08-20-2015 09:18:41 - ORDER:        Inserted Base Record:  INSERT INTO [Order] (StatusID, AccessCodeID, RequestDate, Requestor_Title, Requestor_FirstName, Requestor_LastName, Requestor_Email, CoverSheetID, CS_Content, ProcessingChg, MonthlyChg, FreightMarkupChg, PreferredShipID, ActualShipID, ShipHdChg, ShipNote, ShipTo_Name, ShipTo_Address1, ShipTo_Address2, ShipTo_City, ShipTo_State, ShipTo_ZipCode, ShipTo_Country, ShipTo_ContactFirstName, ShipTo_ContactLastName, ModifiedDate,TempGUID,RecipientPhone,RecipientEmail ,SendRecipientConfirmEmail ) VALUES (6, 497, '8/20/2015 9:18:41 AM', '', 'Steve', 'Higgins', 'steve.higgins@waynehomes.com', 30, '', 2.5, 172, 10, 26, 26, 0, '', '', '4869 Alexander Rd.', '', 'Pemberville', 'OH', '43450', 'United States', 'Steve', 'Comes','8/20/2015 9:18:41 AM','3f788094-6c75-4ec0-b2e2-d886e6134674', '', '', 'False') 
      08-20-2015 09:18:41 - ORDER:          Message:    Successful Execute
      08-20-2015 09:18:41 - ORDER:      Reading Order ID...  497 AND 8/20/2015 9:18:41 AM
      08-20-2015 09:18:41 - ORDER:        SELECT ID AS OrderID FROM [Order] WHERE ((AccessCodeID = 497) AND (TempGUID = '3f788094-6c75-4ec0-b2e2-d886e6134674'))
      08-20-2015 09:18:41 - ORDER:        Located Order ID...  83807
      08-20-2015 09:18:41 - ORDER:        Order ID:  83807
      08-20-2015 09:18:41 - ORDER:      Base Order End
      08-20-2015 09:18:42 - ORDER:      Saving Custom Start...
      08-20-2015 09:18:42 - ORDER:        Attempt to Reset Cnn - OrderCreate_Custom
      08-20-2015 09:18:42 - ORDER:      Saved Custom End True
      08-20-2015 09:18:42 - ORDER:      Saving Items Start...
      08-20-2015 09:18:42 - ORDER:        Attempt to Reset Cnn - OrderCreate_Itms
      08-20-2015 09:18:42 - ORDER:      Saved Items End True
      08-20-2015 09:18:42 - ORDER:      Saving Kits Start...
      08-20-2015 09:18:42 - ORDER:        Attempt to Reset Cnn - OrderCreate_Kits
      08-20-2015 09:18:42 - ORDER:      Saved Kits End True
      08-20-2015 09:18:49 - ORDER:      Requires Authorization:  False
      08-20-2015 09:18:49 - ORDER:      Order Activated:  True
      08-20-2015 09:18:49 - ORDER:    SendMessage - trying to send email to: steve.higgins@waynehomes.com, Subject: Order Confirmation
      08-20-2015 09:19:10 - ORDER:    SendNewOrderNotifications for order# 83807
      08-20-2015 09:19:10 - ORDER:    OrderCreate End... True8/20/2015 9:19:10 AM

      08-20-2015 09:19:10 - ORDER:    Closing Connection
      08-20-2015 09:19:10 - ORDER:    OrderID = 83807
      08-20-2015 09:19:10 - ORDER:    OrderCreate >> Success ? True

      08-20-2015 09:28:37 - ORDER:    OrderCreate Start...  
      08-20-2015 09:28:37 - ORDER:      Base Order Start...
      08-20-2015 09:28:37 - ORDER:        Base Variables Loaded...
      08-20-2015 09:28:37 - ORDER:      Connected...
      08-20-2015 09:28:37 - ORDER:      Access Code ID:  497
      08-20-2015 09:28:37 - ORDER:        Inserted Base Record:  INSERT INTO [Order] (StatusID, AccessCodeID, RequestDate, Requestor_Title, Requestor_FirstName, Requestor_LastName, Requestor_Email, CoverSheetID, CS_Content, ProcessingChg, MonthlyChg, FreightMarkupChg, PreferredShipID, ActualShipID, ShipHdChg, ShipNote, ShipTo_Name, ShipTo_Address1, ShipTo_Address2, ShipTo_City, ShipTo_State, ShipTo_ZipCode, ShipTo_Country, ShipTo_ContactFirstName, ShipTo_ContactLastName, ModifiedDate,TempGUID,RecipientPhone,RecipientEmail ,SendRecipientConfirmEmail ) VALUES (6, 497, '8/20/2015 9:28:37 AM', '', 'Steve', 'Higgins', 'steve.higgins@waynehomes.com', 30, '', 0, 172, 10, 26, 26, 0, '', '', '4869 Alexander Rd.', '', 'Pemberville', 'OH', '43450', 'United States', 'Steve', 'Comes','8/20/2015 9:28:37 AM','77fa57b2-efa1-4740-88e2-3a59b3d3eed4', '', '', 'False') 
      08-20-2015 09:28:37 - ORDER:          Message:    Successful Execute
      08-20-2015 09:28:37 - ORDER:      Reading Order ID...  497 AND 8/20/2015 9:28:37 AM
      08-20-2015 09:28:37 - ORDER:        SELECT ID AS OrderID FROM [Order] WHERE ((AccessCodeID = 497) AND (TempGUID = '77fa57b2-efa1-4740-88e2-3a59b3d3eed4'))
      08-20-2015 09:28:37 - ORDER:        Located Order ID...  83808
      08-20-2015 09:28:37 - ORDER:        Order ID:  83808
      08-20-2015 09:28:37 - ORDER:      Base Order End
      08-20-2015 09:28:37 - ORDER:      Saving Custom Start...
      08-20-2015 09:28:37 - ORDER:        Attempt to Reset Cnn - OrderCreate_Custom
      08-20-2015 09:28:37 - ORDER:      Saved Custom End True
      08-20-2015 09:28:37 - ORDER:      Saving Items Start...
      08-20-2015 09:28:37 - ORDER:        Attempt to Reset Cnn - OrderCreate_Itms
      08-20-2015 09:28:37 - ORDER:      Saved Items End True
      08-20-2015 09:28:37 - ORDER:      Saving Kits Start...
      08-20-2015 09:28:37 - ORDER:        Attempt to Reset Cnn - OrderCreate_Kits
      08-20-2015 09:28:40 - ORDER:      Saved Kits End True
      08-20-2015 09:28:40 - ORDER:      Requires Authorization:  False
      08-20-2015 09:28:40 - ORDER:      Order Activated:  True
      08-20-2015 09:28:40 - ORDER:    SendMessage - trying to send email to: steve.higgins@waynehomes.com, Subject: Order Confirmation
      08-20-2015 09:29:01 - ORDER:    SendNewOrderNotifications for order# 83808
      08-20-2015 09:29:01 - ORDER:    OrderCreate End... True8/20/2015 9:29:01 AM

      08-20-2015 09:29:01 - ORDER:    Closing Connection
      08-20-2015 09:29:01 - ORDER:    OrderID = 83808
      08-20-2015 09:29:01 - ORDER:    OrderCreate >> Success ? True

