      02-10-2015 09:27:20 - ORDER:    OrderCreate Start...  
      02-10-2015 09:27:20 - ORDER:      Base Order Start...
      02-10-2015 09:27:20 - ORDER:        Base Variables Loaded...
      02-10-2015 09:27:20 - ORDER:      Connected...
      02-10-2015 09:27:20 - ORDER:      Access Code ID:  291
      02-10-2015 09:27:20 - ORDER:        Inserted Base Record:  INSERT INTO [Order] (StatusID, AccessCodeID, RequestDate, Requestor_Title, Requestor_FirstName, Requestor_LastName, Requestor_Email, CoverSheetID, CS_Content, ProcessingChg, MonthlyChg, FreightMarkupChg, PreferredShipID, ActualShipID, ShipHdChg, ShipNote, ShipTo_Name, ShipTo_Address1, ShipTo_Address2, ShipTo_City, ShipTo_State, ShipTo_ZipCode, ShipTo_Country, ShipTo_ContactFirstName, ShipTo_ContactLastName, ModifiedDate,TempGUID,RecipientPhone,RecipientEmail ,SendRecipientConfirmEmail ) VALUES (6, 291, '2/10/2015 9:27:20 AM', '', 'Stephanie', 'Yates', 'stephaniewithaskjulie@waynehomes.com', 13, '', 2.5, 172, 10, 26, 26, 0, '', '', '307 Walmar Rd', '', 'Bay Village', 'OH', '44140', 'United States', 'Dave', 'Barnett','2/10/2015 9:27:20 AM','1fe28479-f541-4b56-b33e-6b5d855797ea', '', '', 'False') 
      02-10-2015 09:27:20 - ORDER:          Message:    Successful Execute
      02-10-2015 09:27:20 - ORDER:      Reading Order ID...  291 AND 2/10/2015 9:27:20 AM
      02-10-2015 09:27:20 - ORDER:        SELECT ID AS OrderID FROM [Order] WHERE ((AccessCodeID = 291) AND (TempGUID = '1fe28479-f541-4b56-b33e-6b5d855797ea'))
      02-10-2015 09:27:20 - ORDER:        Located Order ID...  81355
      02-10-2015 09:27:20 - ORDER:        Order ID:  81355
      02-10-2015 09:27:20 - ORDER:      Base Order End
      02-10-2015 09:27:20 - ORDER:      Saving Custom Start...
      02-10-2015 09:27:20 - ORDER:        Attempt to Reset Cnn - OrderCreate_Custom
      02-10-2015 09:27:20 - ORDER:      Saved Custom End True
      02-10-2015 09:27:20 - ORDER:      Saving Items Start...
      02-10-2015 09:27:20 - ORDER:        Attempt to Reset Cnn - OrderCreate_Itms
      02-10-2015 09:27:20 - ORDER:      Saved Items End True
      02-10-2015 09:27:20 - ORDER:      Saving Kits Start...
      02-10-2015 09:27:20 - ORDER:        Attempt to Reset Cnn - OrderCreate_Kits
      02-10-2015 09:27:21 - ORDER:      Saved Kits End True
      02-10-2015 09:27:21 - ORDER:      Requires Authorization:  False
      02-10-2015 09:27:21 - ORDER:      Order Activated:  True
      02-10-2015 09:27:21 - ORDER:    SendMessage - trying to send email to: stephaniewithaskjulie@waynehomes.com, Subject: Order Confirmation
      02-10-2015 09:27:43 - ORDER:    SendNewOrderNotifications for order# 81355
      02-10-2015 09:27:43 - ORDER:    OrderCreate End... True2/10/2015 9:27:43 AM

      02-10-2015 09:27:43 - ORDER:    Closing Connection
      02-10-2015 09:27:43 - ORDER:    OrderID = 81355
      02-10-2015 09:27:43 - ORDER:    OrderCreate >> Success ? True

