      02-20-2015 01:58:42 - ORDER:    OrderCreate Start...  
      02-20-2015 01:58:42 - ORDER:      Base Order Start...
      02-20-2015 01:58:42 - ORDER:        Base Variables Loaded...
      02-20-2015 01:58:42 - ORDER:      Connected...
      02-20-2015 01:58:42 - ORDER:      Access Code ID:  549
      02-20-2015 01:58:42 - ORDER:        Inserted Base Record:  INSERT INTO [Order] (StatusID, AccessCodeID, RequestDate, Requestor_Title, Requestor_FirstName, Requestor_LastName, Requestor_Email, CoverSheetID, CS_Content, ProcessingChg, MonthlyChg, FreightMarkupChg, PreferredShipID, ActualShipID, ShipHdChg, ShipNote, ShipTo_Name, ShipTo_Address1, ShipTo_Address2, ShipTo_City, ShipTo_State, ShipTo_ZipCode, ShipTo_Country, ShipTo_ContactFirstName, ShipTo_ContactLastName, ModifiedDate,TempGUID,RecipientPhone,RecipientEmail ,SendRecipientConfirmEmail ) VALUES (6, 549, '2/20/2015 1:58:42 PM', '', 'Ted', 'Demetro', 'tdemetro@gmail.com', 98, '', 2.5, 250, 15, 181, 181, 0, '', 'rmr', '7455 Quail Hollow St. N.W. AptC21', '', 'Massillon', 'OH - Ohio', '44646', 'United States', 'Ted', 'Demetro','2/20/2015 1:58:42 PM','834bae8f-867b-4e27-8677-0fbea8a92c60', '3305555555', 'tdemetro@gmail.com', 'False') 
      02-20-2015 01:58:42 - ORDER:          Message:    Successful Execute
      02-20-2015 01:58:42 - ORDER:      Reading Order ID...  549 AND 2/20/2015 1:58:42 PM
      02-20-2015 01:58:42 - ORDER:        SELECT ID AS OrderID FROM [Order] WHERE ((AccessCodeID = 549) AND (TempGUID = '834bae8f-867b-4e27-8677-0fbea8a92c60'))
      02-20-2015 01:58:42 - ORDER:        Located Order ID...  80596
      02-20-2015 01:58:42 - ORDER:        Order ID:  80596
      02-20-2015 01:58:42 - ORDER:      Base Order End
      02-20-2015 01:58:42 - ORDER:      Saving Custom Start...
      02-20-2015 01:58:42 - ORDER:        Attempt to Reset Cnn - OrderCreate_Custom
      02-20-2015 01:58:43 - ORDER:      Saved Custom End True
      02-20-2015 01:58:43 - ORDER:      Saving Items Start...
      02-20-2015 01:58:43 - ORDER:        Attempt to Reset Cnn - OrderCreate_Itms
      02-20-2015 01:58:43 - ORDER:      Saved Items End True
      02-20-2015 01:58:43 - ORDER:      Saving Kits Start...
      02-20-2015 01:58:43 - ORDER:        Attempt to Reset Cnn - OrderCreate_Kits
      02-20-2015 01:58:43 - ORDER:      Saved Kits End True
      02-20-2015 01:58:43 - ORDER:      Requires Authorization:  False
      02-20-2015 01:58:43 - ORDER:      Order Activated:  True
      02-20-2015 01:58:43 - ORDER:    SendMessage - trying to send email to: tdemetro@gmail.com, Subject: Order Confirmation
      02-20-2015 01:59:04 - ORDER:      ActivateDownloadableItems Email text...<table><tr><td>You have requested the following digital files from the Power Generation Products collateral fulfillment site. Please click on the links below and follow all appropriate directions to retrieve your files. Note that these links will only remain active for a period of 48 hours from the time your request was placed.</td></tr></table><table><tr><th>GEA 31503e DNLD</th></tr><tr><td><a href="http://www.para-inc.com/POSN/ordReviewLanding.aspx?RNUMB=80596&id=7329da25-62b1-4e94-a586-e0fc45464fb2&fid=12">e Brochure</a></td></tr></table>
      02-20-2015 01:59:04 - ORDER:    SendMessage - trying to send email to: tdemetro@gmail.com, Subject: Request Number 80596
      02-20-2015 01:59:26 - ORDER:    SendNewOrderNotifications for order# 80596
      02-20-2015 01:59:26 - ORDER:    OrderCreate End... True2/20/2015 1:59:26 PM

      02-20-2015 01:59:26 - ORDER:    Closing Connection
      02-20-2015 01:59:26 - ORDER:    OrderID = 80596
      02-20-2015 01:59:26 - ORDER:    OrderCreate >> Success ? True

      02-20-2015 02:06:11 - ORDER:    OrderCreate Start...  
      02-20-2015 02:06:11 - ORDER:      Base Order Start...
      02-20-2015 02:06:11 - ORDER:        Base Variables Loaded...
      02-20-2015 02:06:11 - ORDER:      Connected...
      02-20-2015 02:06:11 - ORDER:      Access Code ID:  549
      02-20-2015 02:06:11 - ORDER:        Inserted Base Record:  INSERT INTO [Order] (StatusID, AccessCodeID, RequestDate, Requestor_Title, Requestor_FirstName, Requestor_LastName, Requestor_Email, CoverSheetID, CS_Content, ProcessingChg, MonthlyChg, FreightMarkupChg, PreferredShipID, ActualShipID, ShipHdChg, ShipNote, ShipTo_Name, ShipTo_Address1, ShipTo_Address2, ShipTo_City, ShipTo_State, ShipTo_ZipCode, ShipTo_Country, ShipTo_ContactFirstName, ShipTo_ContactLastName, ModifiedDate,TempGUID,RecipientPhone,RecipientEmail ,SendRecipientConfirmEmail ) VALUES (6, 549, '2/20/2015 2:06:11 PM', '', 'Ted', 'Demetro', 'tdemetro@gmail.com', 98, 'Packing List', 0, 250, 15, 183, 183, 0, '', 'rmr', 'N/A', '', 'N/A', 'N/A', 'N/A', 'N/A', 'Ted', 'Demetro','2/20/2015 2:06:11 PM','c29ecc80-6e27-464c-a500-ee5bbb35918f', '3305555555', 'tdemetro@gmail.com', 'False') 
      02-20-2015 02:06:11 - ORDER:          Message:    Successful Execute
      02-20-2015 02:06:11 - ORDER:      Reading Order ID...  549 AND 2/20/2015 2:06:11 PM
      02-20-2015 02:06:11 - ORDER:        SELECT ID AS OrderID FROM [Order] WHERE ((AccessCodeID = 549) AND (TempGUID = 'c29ecc80-6e27-464c-a500-ee5bbb35918f'))
      02-20-2015 02:06:11 - ORDER:        Located Order ID...  80597
      02-20-2015 02:06:11 - ORDER:        Order ID:  80597
      02-20-2015 02:06:11 - ORDER:      Base Order End
      02-20-2015 02:06:11 - ORDER:      Saving Custom Start...
      02-20-2015 02:06:11 - ORDER:        Attempt to Reset Cnn - OrderCreate_Custom
      02-20-2015 02:06:11 - ORDER:      Saved Custom End True
      02-20-2015 02:06:11 - ORDER:      Saving Items Start...
      02-20-2015 02:06:11 - ORDER:        Attempt to Reset Cnn - OrderCreate_Itms
      02-20-2015 02:06:11 - ORDER:      Saved Items End True
      02-20-2015 02:06:11 - ORDER:      Saving Kits Start...
      02-20-2015 02:06:11 - ORDER:        Attempt to Reset Cnn - OrderCreate_Kits
      02-20-2015 02:06:11 - ORDER:      Saved Kits End True
      02-20-2015 02:06:11 - ORDER:      Requires Authorization:  False
      02-20-2015 02:06:11 - ORDER:      Order Activated:  True
      02-20-2015 02:06:12 - ORDER:    SendMessage - trying to send email to: tdemetro@gmail.com, Subject: Order Confirmation
      02-20-2015 02:06:33 - ORDER:      ActivateDownloadableItems Email text...<table><tr><td>You have requested the following digital files from the Power Generation Products collateral fulfillment site. Please click on the links below and follow all appropriate directions to retrieve your files. Note that these links will only remain active for a period of 48 hours from the time your request was placed.</td></tr></table><table><tr><th>GEA 31503e DNLD</th></tr><tr><td><a href="http://www.para-inc.com/POSN/ordReviewLanding.aspx?RNUMB=80597&id=b6fc32a6-f439-4943-9fd4-af538bf179db&fid=12">e Brochure</a></td></tr></table>
      02-20-2015 02:06:33 - ORDER:    SendMessage - trying to send email to: tdemetro@gmail.com, Subject: Request Number 80597
      02-20-2015 02:06:54 - ORDER:    SendNewOrderNotifications for order# 80597
      02-20-2015 02:06:54 - ORDER:    OrderCreate End... True2/20/2015 2:06:54 PM

      02-20-2015 02:06:54 - ORDER:    Closing Connection
      02-20-2015 02:06:54 - ORDER:    OrderID = 80597
      02-20-2015 02:06:54 - ORDER:    OrderCreate >> Success ? True

      02-20-2015 02:10:32 - ORDER:    OrderCreate Start...  
      02-20-2015 02:10:32 - ORDER:      Base Order Start...
      02-20-2015 02:10:32 - ORDER:        Base Variables Loaded...
      02-20-2015 02:10:32 - ORDER:      Connected...
      02-20-2015 02:10:32 - ORDER:      Access Code ID:  549
      02-20-2015 02:10:32 - ORDER:        Inserted Base Record:  INSERT INTO [Order] (StatusID, AccessCodeID, RequestDate, Requestor_Title, Requestor_FirstName, Requestor_LastName, Requestor_Email, CoverSheetID, CS_Content, ProcessingChg, MonthlyChg, FreightMarkupChg, PreferredShipID, ActualShipID, ShipHdChg, ShipNote, ShipTo_Name, ShipTo_Address1, ShipTo_Address2, ShipTo_City, ShipTo_State, ShipTo_ZipCode, ShipTo_Country, ShipTo_ContactFirstName, ShipTo_ContactLastName, ModifiedDate,TempGUID,RecipientPhone,RecipientEmail ,SendRecipientConfirmEmail ) VALUES (6, 549, '2/20/2015 2:10:32 PM', '', 'Ted', 'Demetro', 'tdemetro@gmail.com', 98, 'Packing List', 0, 250, 15, 183, 183, 0, '', 'rmr', 'N/A', '', 'N/A', 'N/A', 'N/A', 'N/A', 'Ted', 'Demetro','2/20/2015 2:10:32 PM','13877f39-bcf2-44fa-948d-b7bc9f878aed', '3305555555', 'tdemetro@gmail.com', 'False') 
      02-20-2015 02:10:32 - ORDER:          Message:    Successful Execute
      02-20-2015 02:10:32 - ORDER:      Reading Order ID...  549 AND 2/20/2015 2:10:32 PM
      02-20-2015 02:10:32 - ORDER:        SELECT ID AS OrderID FROM [Order] WHERE ((AccessCodeID = 549) AND (TempGUID = '13877f39-bcf2-44fa-948d-b7bc9f878aed'))
      02-20-2015 02:10:32 - ORDER:        Located Order ID...  80598
      02-20-2015 02:10:32 - ORDER:        Order ID:  80598
      02-20-2015 02:10:32 - ORDER:      Base Order End
      02-20-2015 02:10:32 - ORDER:      Saving Custom Start...
      02-20-2015 02:10:32 - ORDER:        Attempt to Reset Cnn - OrderCreate_Custom
      02-20-2015 02:10:32 - ORDER:      Saved Custom End True
      02-20-2015 02:10:32 - ORDER:      Saving Items Start...
      02-20-2015 02:10:32 - ORDER:        Attempt to Reset Cnn - OrderCreate_Itms
      02-20-2015 02:10:32 - ORDER:      Saved Items End True
      02-20-2015 02:10:32 - ORDER:      Saving Kits Start...
      02-20-2015 02:10:32 - ORDER:        Attempt to Reset Cnn - OrderCreate_Kits
      02-20-2015 02:10:32 - ORDER:      Saved Kits End True
      02-20-2015 02:10:32 - ORDER:      Requires Authorization:  False
      02-20-2015 02:10:32 - ORDER:      Order Activated:  True
      02-20-2015 02:10:32 - ORDER:    SendMessage - trying to send email to: tdemetro@gmail.com, Subject: Order Confirmation
      02-20-2015 02:10:54 - ORDER:      ActivateDownloadableItems Email text...<table><tr><td>You have requested the following digital files from the Power Generation Products collateral fulfillment site. Please click on the links below and follow all appropriate directions to retrieve your files. Note that these links will only remain active for a period of 48 hours from the time your request was placed.</td></tr></table><table><tr><th>GEA 31503e DNLD</th></tr><tr><td><a href="http://www.para-inc.com/POSN/ordReviewLanding.aspx?RNUMB=80598&id=96b9cc33-0375-4dfa-aaf3-1693a89108cf&fid=12">e Brochure</a></td></tr></table>
      02-20-2015 02:10:54 - ORDER:    SendMessage - trying to send email to: tdemetro@gmail.com, Subject: Request Number 80598
      02-20-2015 02:11:15 - ORDER:    SendNewOrderNotifications for order# 80598
      02-20-2015 02:11:15 - ORDER:    OrderCreate End... True2/20/2015 2:11:15 PM

      02-20-2015 02:11:15 - ORDER:    Closing Connection
      02-20-2015 02:11:15 - ORDER:    OrderID = 80598
      02-20-2015 02:11:15 - ORDER:    OrderCreate >> Success ? True

      02-20-2015 02:27:23 - ORDER:    OrderCreate Start...  
      02-20-2015 02:27:23 - ORDER:      Base Order Start...
      02-20-2015 02:27:23 - ORDER:        Base Variables Loaded...
      02-20-2015 02:27:23 - ORDER:      Connected...
      02-20-2015 02:27:23 - ORDER:      Access Code ID:  549
      02-20-2015 02:27:23 - ORDER:        Inserted Base Record:  INSERT INTO [Order] (StatusID, AccessCodeID, RequestDate, Requestor_Title, Requestor_FirstName, Requestor_LastName, Requestor_Email, CoverSheetID, CS_Content, ProcessingChg, MonthlyChg, FreightMarkupChg, PreferredShipID, ActualShipID, ShipHdChg, ShipNote, ShipTo_Name, ShipTo_Address1, ShipTo_Address2, ShipTo_City, ShipTo_State, ShipTo_ZipCode, ShipTo_Country, ShipTo_ContactFirstName, ShipTo_ContactLastName, ModifiedDate,TempGUID,RecipientPhone,RecipientEmail ,SendRecipientConfirmEmail ) VALUES (6, 549, '2/20/2015 2:27:23 PM', '', 'Ted', 'Demetro', 'tdemetro@gmail.com', 98, '', 2.5, 250, 15, 181, 181, 0, '', 'rmr', '7455 Quail Hollow St. N.W. AptC21', '', 'Massillon', 'OH - Ohio', '44646', 'United States', 'Ted ', 'Demetro','2/20/2015 2:27:23 PM','fb7514be-3935-4bf4-bac6-81ea6376c6bf', '3305555555', 'tdemetro@gmail.com', 'False') 
      02-20-2015 02:27:23 - ORDER:          Message:    Successful Execute
      02-20-2015 02:27:23 - ORDER:      Reading Order ID...  549 AND 2/20/2015 2:27:23 PM
      02-20-2015 02:27:23 - ORDER:        SELECT ID AS OrderID FROM [Order] WHERE ((AccessCodeID = 549) AND (TempGUID = 'fb7514be-3935-4bf4-bac6-81ea6376c6bf'))
      02-20-2015 02:27:23 - ORDER:        Located Order ID...  80599
      02-20-2015 02:27:23 - ORDER:        Order ID:  80599
      02-20-2015 02:27:23 - ORDER:      Base Order End
      02-20-2015 02:27:23 - ORDER:      Saving Custom Start...
      02-20-2015 02:27:23 - ORDER:        Attempt to Reset Cnn - OrderCreate_Custom
      02-20-2015 02:27:24 - ORDER:      Saved Custom End True
      02-20-2015 02:27:24 - ORDER:      Saving Items Start...
      02-20-2015 02:27:24 - ORDER:        Attempt to Reset Cnn - OrderCreate_Itms
      02-20-2015 02:27:26 - ORDER:      Saved Items End True
      02-20-2015 02:27:26 - ORDER:      Saving Kits Start...
      02-20-2015 02:27:26 - ORDER:        Attempt to Reset Cnn - OrderCreate_Kits
      02-20-2015 02:27:26 - ORDER:      Saved Kits End True
      02-20-2015 02:27:26 - ORDER:      Requires Authorization:  False
      02-20-2015 02:27:26 - ORDER:      Order Activated:  True
      02-20-2015 02:27:26 - ORDER:    SendMessage - trying to send email to: tdemetro@gmail.com, Subject: Order Confirmation
      02-20-2015 02:27:50 - ORDER:      ActivateDownloadableItems Email text...<table><tr><td>You have requested the following digital files from the Power Generation Products collateral fulfillment site. Please click on the links below and follow all appropriate directions to retrieve your files. Note that these links will only remain active for a period of 48 hours from the time your request was placed.</td></tr></table><table><tr><th>GEA 31503e DNLD</th></tr><tr><td><a href="http://www.para-inc.com/POSN/ordReviewLanding.aspx?RNUMB=80599&id=eb9b58f8-c5ca-4b73-bbeb-22d8be3d3145&fid=12">e Brochure</a></td></tr></table>
      02-20-2015 02:27:50 - ORDER:    SendMessage - trying to send email to: tdemetro@gmail.com, Subject: Request Number 80599
      02-20-2015 02:28:11 - ORDER:    SendNewOrderNotifications for order# 80599
      02-20-2015 02:28:11 - ORDER:    OrderCreate End... True2/20/2015 2:28:11 PM

      02-20-2015 02:28:11 - ORDER:    Closing Connection
      02-20-2015 02:28:11 - ORDER:    OrderID = 80599
      02-20-2015 02:28:11 - ORDER:    OrderCreate >> Success ? True

