      09-13-2013 10:15:26 - ORDER:    OrderCreate Start...  
      09-13-2013 10:15:26 - ORDER:      Base Order Start...
      09-13-2013 10:15:26 - ORDER:        Base Variables Loaded...
      09-13-2013 10:15:26 - ORDER:      Connected...
      09-13-2013 10:15:26 - ORDER:      Access Code ID:  256
      09-13-2013 10:15:27 - ORDER:        Inserted Base Record:  INSERT INTO [Order] (StatusID, AccessCodeID, RequestDate, Requestor_Title, Requestor_FirstName, Requestor_LastName, Requestor_Email, CoverSheetID, CS_Content, ProcessingChg, MonthlyChg, FreightMarkupChg, PreferredShipID, ActualShipID, ShipHdChg, ShipNote, ShipTo_Name, ShipTo_Address1, ShipTo_Address2, ShipTo_City, ShipTo_State, ShipTo_ZipCode, ShipTo_Country, ShipTo_ContactFirstName, ShipTo_ContactLastName, ModifiedDate,TempGUID,RecipientPhone,RecipientEmail ,SendRecipientConfirmEmail ) VALUES (6, 256, '9/13/2013 10:15:26 AM', '', 'steve', 'reidl', 'jeff@rmrdevelopment.com', 48, '', 2.5, 0, 10, 82, 82, 0, '', 'Para', 'N/A', '', 'N/A', 'N/A', 'N/A', 'United States', 'steve', 'reidl','9/13/2013 10:15:26 AM','f63aa4e1-ffc3-4743-b032-42414c0a33fe', '1234123123', '', 'False') 
      09-13-2013 10:15:27 - ORDER:          Message:    Successful Execute
      09-13-2013 10:15:27 - ORDER:      Reading Order ID...  256 AND 9/13/2013 10:15:26 AM
      09-13-2013 10:15:27 - ORDER:        SELECT ID AS OrderID FROM [Order] WHERE ((AccessCodeID = 256) AND (TempGUID = 'f63aa4e1-ffc3-4743-b032-42414c0a33fe'))
      09-13-2013 10:15:27 - ORDER:        Located Order ID...  64059
      09-13-2013 10:15:27 - ORDER:        Order ID:  64059
      09-13-2013 10:15:27 - ORDER:      Base Order End
      09-13-2013 10:15:27 - ORDER:      Saving Custom Start...
      09-13-2013 10:15:27 - ORDER:        Attempt to Reset Cnn - OrderCreate_Custom
      09-13-2013 10:15:27 - ORDER:      Saved Custom End True
      09-13-2013 10:15:27 - ORDER:      Saving Items Start...
      09-13-2013 10:15:27 - ORDER:        Attempt to Reset Cnn - OrderCreate_Itms
      09-13-2013 10:15:28 - ORDER:      Saved Items End True
      09-13-2013 10:15:28 - ORDER:      Saving Kits Start...
      09-13-2013 10:15:28 - ORDER:        Attempt to Reset Cnn - OrderCreate_Kits
      09-13-2013 10:15:28 - ORDER:      Saved Kits End True
      09-13-2013 10:15:28 - ORDER:      Requires Authorization:  False
      09-13-2013 10:15:28 - ORDER:      Order Activated:  True
      09-13-2013 10:15:28 - ORDER:    SendMessage - trying to send email to: jeff@rmrdevelopment.com, Subject: Order Confirmation
      09-13-2013 10:15:49 - ORDER:    SendNewOrderNotifications for order# 64059
      09-13-2013 10:15:49 - ORDER:    OrderCreate End... True9/13/2013 10:15:49 AM

      09-13-2013 10:15:49 - ORDER:    Closing Connection
      09-13-2013 10:15:49 - ORDER:    OrderID = 64059
      09-13-2013 10:15:49 - ORDER:    OrderCreate >> Success ? True

