      03-18-2015 02:20:13 - ORDER:    OrderCreate Start...  
      03-18-2015 02:20:13 - ORDER:      Base Order Start...
      03-18-2015 02:20:13 - ORDER:        Base Variables Loaded...
      03-18-2015 02:20:13 - ORDER:      Connected...
      03-18-2015 02:20:13 - ORDER:      Access Code ID:  549
      03-18-2015 02:20:14 - ORDER:        Inserted Base Record:  INSERT INTO [Order] (StatusID, AccessCodeID, RequestDate, Requestor_Title, Requestor_FirstName, Requestor_LastName, Requestor_Email, CoverSheetID, CS_Content, ProcessingChg, MonthlyChg, FreightMarkupChg, PreferredShipID, ActualShipID, ShipHdChg, ShipNote, ShipTo_Name, ShipTo_Address1, ShipTo_Address2, ShipTo_City, ShipTo_State, ShipTo_ZipCode, ShipTo_Country, ShipTo_ContactFirstName, ShipTo_ContactLastName, ModifiedDate,TempGUID,RecipientPhone,RecipientEmail ,SendRecipientConfirmEmail ) VALUES (6, 549, '3/18/2015 2:20:13 PM', '', 'Ted', 'Demetro', 'tdemetro@gmail.com', 98, '', 2.5, 250, 15, 181, 181, 0, '', '1979', '7455 Quail Hollow St. N.W.', 'C21', 'Massillon', 'Ohio', '44646', 'United States', 'Theodore', 'Demetro','3/18/2015 2:20:13 PM','7ca25549-fe89-4d18-91ef-f3606209037e', '3302802210', 'tdemetro@gmail.com', 'False') 
      03-18-2015 02:20:14 - ORDER:          Message:    Successful Execute
      03-18-2015 02:20:14 - ORDER:      Reading Order ID...  549 AND 3/18/2015 2:20:13 PM
      03-18-2015 02:20:14 - ORDER:        SELECT ID AS OrderID FROM [Order] WHERE ((AccessCodeID = 549) AND (TempGUID = '7ca25549-fe89-4d18-91ef-f3606209037e'))
      03-18-2015 02:20:14 - ORDER:        Located Order ID...  80943
      03-18-2015 02:20:14 - ORDER:        Order ID:  80943
      03-18-2015 02:20:14 - ORDER:      Base Order End
      03-18-2015 02:20:14 - ORDER:      Saving Custom Start...
      03-18-2015 02:20:14 - ORDER:        Attempt to Reset Cnn - OrderCreate_Custom
      03-18-2015 02:20:14 - ORDER:      Saved Custom End True
      03-18-2015 02:20:14 - ORDER:      Saving Items Start...
      03-18-2015 02:20:14 - ORDER:        Attempt to Reset Cnn - OrderCreate_Itms
      03-18-2015 02:20:14 - ORDER:      Saved Items End True
      03-18-2015 02:20:14 - ORDER:      Saving Kits Start...
      03-18-2015 02:20:14 - ORDER:        Attempt to Reset Cnn - OrderCreate_Kits
      03-18-2015 02:20:14 - ORDER:      Saved Kits End True
      03-18-2015 02:20:14 - ORDER:      Requires Authorization:  False
      03-18-2015 02:20:14 - ORDER:      Order Activated:  True
      03-18-2015 02:20:14 - ORDER:    SendMessage - trying to send email to: tdemetro@gmail.com, Subject: Order Confirmation
      03-18-2015 02:20:36 - ORDER:    SendNewOrderNotifications for order# 80943
      03-18-2015 02:20:36 - ORDER:    OrderCreate End... True3/18/2015 2:20:36 PM

      03-18-2015 02:20:36 - ORDER:    Closing Connection
      03-18-2015 02:20:36 - ORDER:    OrderID = 80943
      03-18-2015 02:20:36 - ORDER:    OrderCreate >> Success ? True

