      11-05-2015 12:58:42 - ORDER:    OrderCreate Start...  
      11-05-2015 12:58:42 - ORDER:      Base Order Start...
      11-05-2015 12:58:42 - ORDER:        Base Variables Loaded...
      11-05-2015 12:58:42 - ORDER:      Connected...
      11-05-2015 12:58:42 - ORDER:      Access Code ID:  569
      11-05-2015 12:58:42 - ORDER:        Inserted Base Record:  INSERT INTO [Order] (StatusID, AccessCodeID, RequestDate, Requestor_Title, Requestor_FirstName, Requestor_LastName, Requestor_Email, CoverSheetID, CS_Content, ProcessingChg, MonthlyChg, FreightMarkupChg, PreferredShipID, ActualShipID, ShipHdChg, ShipNote, ShipTo_Name, ShipTo_Address1, ShipTo_Address2, ShipTo_City, ShipTo_State, ShipTo_ZipCode, ShipTo_Country, ShipTo_ContactFirstName, ShipTo_ContactLastName, ModifiedDate,TempGUID,RecipientPhone,RecipientEmail ,SendRecipientConfirmEmail ) VALUES (6, 569, '11/5/2015 12:58:42 PM', '', 'Ted', 'Demetro', 'ted@rmrdevelopment.com', 99, 'Packing List', 0, 0, 10, 196, 196, 0, '', '', 'N/A', '', 'N/A', 'N/A', 'N/A', 'N/A', 'Ted', 'Demetro','11/5/2015 12:58:42 PM','116f07e5-dcee-4c71-a51b-a29db28895b7', '', '', 'False') 
      11-05-2015 12:58:42 - ORDER:          Message:    Successful Execute
      11-05-2015 12:58:42 - ORDER:      Reading Order ID...  569 AND 11/5/2015 12:58:42 PM
      11-05-2015 12:58:42 - ORDER:        SELECT ID AS OrderID FROM [Order] WHERE ((AccessCodeID = 569) AND (TempGUID = '116f07e5-dcee-4c71-a51b-a29db28895b7'))
      11-05-2015 12:58:42 - ORDER:        Located Order ID...  85571
      11-05-2015 12:58:42 - ORDER:        Order ID:  85571
      11-05-2015 12:58:42 - ORDER:      Base Order End
      11-05-2015 12:58:42 - ORDER:      Saving Custom Start...
      11-05-2015 12:58:42 - ORDER:        Attempt to Reset Cnn - OrderCreate_Custom
      11-05-2015 12:58:42 - ORDER:      Saved Custom End True
      11-05-2015 12:58:42 - ORDER:      Saving Items Start...
      11-05-2015 12:58:42 - ORDER:        Attempt to Reset Cnn - OrderCreate_Itms
      11-05-2015 12:58:43 - ORDER:      Saved Items End True
      11-05-2015 12:58:43 - ORDER:      Saving Kits Start...
      11-05-2015 12:58:43 - ORDER:        Attempt to Reset Cnn - OrderCreate_Kits
      11-05-2015 12:58:43 - ORDER:      Saved Kits End True
      11-05-2015 12:58:43 - ORDER:      Requires Authorization:  False
      11-05-2015 12:58:43 - ORDER:      Order Activated:  True
      11-05-2015 12:58:43 - ORDER:    SendMessage - trying to send email to: ted@rmrdevelopment.com, Subject: Order Confirmation
      11-05-2015 12:59:04 - ORDER:      ActivateDownloadableItems Email text...<table><tr><td>You have requested the following digital files from the Howden collateral fulfillment site. Please click on the links below and follow all appropriate directions to retrieve your files. Note that these links will only remain active for a period of 48 hours from the time your request was placed.</td></tr></table><table><tr><th> ISRB-2001-S DNLD</th></tr><tr><td><a href="http://www.para-inc.com/POSN/ordReviewLanding.aspx?RNUMB=85571&id=e2ba77bf-8336-497a-bc3a-e2679ad1b43e&fid=3">Low Res - Viewable / Office Printer</a></td></tr><tr><th>19150A_B-PC DNLD</th></tr><tr><td><a href="http://www.para-inc.com/POSN/ordReviewLanding.aspx?RNUMB=85571&id=da3c398f-9bab-4ede-9b4c-758303727dc1&fid=3">Low Res - Viewable / Office Printer</a></td></tr><tr><th>19170_BEAX2 DNLD</th></tr><tr><td><a href="http://www.para-inc.com/POSN/ordReviewLanding.aspx?RNUMB=85571&id=c82eb745-76be-465e-9848-8fbb2092bbc0&fid=3">Low Res - Viewable / Office Printer</a></td></tr><tr><th>19572B_BCENT DNLD</th></tr><tr><td><a href="http://www.para-inc.com/POSN/ordReviewLanding.aspx?RNUMB=85571&id=b01b440b-0694-466c-ad32-ab3a7343b2a0&fid=3">Low Res - Viewable / Office Printer</a></td></tr></table>
      11-05-2015 12:59:04 - ORDER:   Download Links Email Text: ....<table><tr><td>You have requested the following digital files from the Howden collateral fulfillment site. Please click on the links below and follow all appropriate directions to retrieve your files. Note that these links will only remain active for a period of 48 hours from the time your request was placed.</td></tr></table><table><tr><th> ISRB-2001-S DNLD</th></tr><tr><td><a href="http://www.para-inc.com/POSN/ordReviewLanding.aspx?RNUMB=85571&id=e2ba77bf-8336-497a-bc3a-e2679ad1b43e&fid=3">Low Res - Viewable / Office Printer</a></td></tr><tr><th>19150A_B-PC DNLD</th></tr><tr><td><a href="http://www.para-inc.com/POSN/ordReviewLanding.aspx?RNUMB=85571&id=da3c398f-9bab-4ede-9b4c-758303727dc1&fid=3">Low Res - Viewable / Office Printer</a></td></tr><tr><th>19170_BEAX2 DNLD</th></tr><tr><td><a href="http://www.para-inc.com/POSN/ordReviewLanding.aspx?RNUMB=85571&id=c82eb745-76be-465e-9848-8fbb2092bbc0&fid=3">Low Res - Viewable / Office Printer</a></td></tr><tr><th>19572B_BCENT DNLD</th></tr><tr><td><a href="http://www.para-inc.com/POSN/ordReviewLanding.aspx?RNUMB=85571&id=b01b440b-0694-466c-ad32-ab3a7343b2a0&fid=3">Low Res - Viewable / Office Printer</a></td></tr></table>
      11-05-2015 12:59:04 - ORDER:    SendMessage - trying to send email to: ted@rmrdevelopment.com, Subject: Request Number 85571
      11-05-2015 12:59:25 - ORDER:    SendNewOrderNotifications for order# 85571
      11-05-2015 12:59:25 - ORDER:    OrderCreate End... True11/5/2015 12:59:25 PM

      11-05-2015 12:59:25 - ORDER:    Closing Connection
      11-05-2015 12:59:25 - ORDER:    OrderID = 85571
      11-05-2015 12:59:25 - ORDER:    OrderCreate >> Success ? True

      11-05-2015 01:06:55 - ORDER:    OrderCreate Start...  
      11-05-2015 01:06:55 - ORDER:      Base Order Start...
      11-05-2015 01:06:55 - ORDER:        Base Variables Loaded...
      11-05-2015 01:06:55 - ORDER:      Connected...
      11-05-2015 01:06:55 - ORDER:      Access Code ID:  569
      11-05-2015 01:06:55 - ORDER:        Inserted Base Record:  INSERT INTO [Order] (StatusID, AccessCodeID, RequestDate, Requestor_Title, Requestor_FirstName, Requestor_LastName, Requestor_Email, CoverSheetID, CS_Content, ProcessingChg, MonthlyChg, FreightMarkupChg, PreferredShipID, ActualShipID, ShipHdChg, ShipNote, ShipTo_Name, ShipTo_Address1, ShipTo_Address2, ShipTo_City, ShipTo_State, ShipTo_ZipCode, ShipTo_Country, ShipTo_ContactFirstName, ShipTo_ContactLastName, ModifiedDate,TempGUID,RecipientPhone,RecipientEmail ,SendRecipientConfirmEmail ) VALUES (6, 569, '11/5/2015 1:06:55 PM', '', 'Ted', 'Demetro', 'ted@rmrdevelopment.com', 99, 'Packing List', 0, 0, 10, 196, 196, 0, '', '', 'N/A', '', 'N/A', 'N/A', 'N/A', 'N/A', 'Ted', 'Demetro','11/5/2015 1:06:55 PM','10da6a51-ce38-4d9d-9c08-57864919bc9c', '', '', 'False') 
      11-05-2015 01:06:55 - ORDER:          Message:    Successful Execute
      11-05-2015 01:06:55 - ORDER:      Reading Order ID...  569 AND 11/5/2015 1:06:55 PM
      11-05-2015 01:06:55 - ORDER:        SELECT ID AS OrderID FROM [Order] WHERE ((AccessCodeID = 569) AND (TempGUID = '10da6a51-ce38-4d9d-9c08-57864919bc9c'))
      11-05-2015 01:06:55 - ORDER:        Located Order ID...  85572
      11-05-2015 01:06:55 - ORDER:        Order ID:  85572
      11-05-2015 01:06:55 - ORDER:      Base Order End
      11-05-2015 01:06:55 - ORDER:      Saving Custom Start...
      11-05-2015 01:06:55 - ORDER:        Attempt to Reset Cnn - OrderCreate_Custom
      11-05-2015 01:06:55 - ORDER:      Saved Custom End True
      11-05-2015 01:06:55 - ORDER:      Saving Items Start...
      11-05-2015 01:06:55 - ORDER:        Attempt to Reset Cnn - OrderCreate_Itms
      11-05-2015 01:06:55 - ORDER:      Saved Items End True
      11-05-2015 01:06:55 - ORDER:      Saving Kits Start...
      11-05-2015 01:06:55 - ORDER:        Attempt to Reset Cnn - OrderCreate_Kits
      11-05-2015 01:06:55 - ORDER:      Saved Kits End True
      11-05-2015 01:06:56 - ORDER:      Requires Authorization:  False
      11-05-2015 01:06:56 - ORDER:      Order Activated:  True
      11-05-2015 01:06:56 - ORDER:    SendMessage - trying to send email to: ted@rmrdevelopment.com, Subject: Order Confirmation
      11-05-2015 01:07:17 - ORDER:      ActivateDownloadableItems Email text...<table><tr><td>You have requested the following digital files from the Howden collateral fulfillment site. Please click on the links below and follow all appropriate directions to retrieve your files. Note that these links will only remain active for a period of 48 hours from the time your request was placed.</td></tr></table><table><tr><th>19572B_BCENT DNLD</th></tr><tr><td><a href="http://www.para-inc.com/POSN/ordReviewLanding.aspx?RNUMB=85572&id=21c4a99e-a812-4960-98dc-05ca5b5d605c&fid=3">Low Res - Viewable / Office Printer</a></td></tr><tr><th>20317_S_RBS DNLD</th></tr><tr><td><a href="http://www.para-inc.com/POSN/ordReviewLanding.aspx?RNUMB=85572&id=469633a9-f8b9-4d1d-91bd-21ca73692a15&fid=3">Low Res - Viewable / Office Printer</a></td></tr><tr><th>B-Controls DNLD</th></tr><tr><td><a href="http://www.para-inc.com/POSN/ordReviewLanding.aspx?RNUMB=85572&id=bb06c061-8926-409b-bb7a-dce6e0182962&fid=3">Low Res - Viewable / Office Printer</a></td></tr><tr><th>HOG2634_HPC_HWT DNLD</th></tr><tr><td><a href="http://www.para-inc.com/POSN/ordReviewLanding.aspx?RNUMB=85572&id=bcbbdeef-f1c2-415d-a30d-281228f349be&fid=3">Low Res - Viewable / Office Printer</a></td></tr><tr><th>S-12K84 DNLD</th></tr><tr><td><a href="http://www.para-inc.com/POSN/ordReviewLanding.aspx?RNUMB=85572&id=5d1daf96-b8b1-4b1e-bda5-caf081e4d639&fid=3">Low Res - Viewable / Office Printer</a></td></tr><tr><th>S-27S03 DNLD</th></tr><tr><td><a href="http://www.para-inc.com/POSN/ordReviewLanding.aspx?RNUMB=85572&id=ea3605e3-4d66-48a9-a5dd-6eff28887577&fid=3">Low Res - Viewable / Office Printer</a></td></tr><tr><th>S-30F97 DNLD</th></tr><tr><td><a href="http://www.para-inc.com/POSN/ordReviewLanding.aspx?RNUMB=85572&id=72c1d281-3ca6-4fba-ae9a-07f3b4e513af&fid=3">Low Res - Viewable / Office Printer</a></td></tr><tr><th>S-EAZ8000 DNLD</th></tr><tr><td><a href="http://www.para-inc.com/POSN/ordReviewLanding.aspx?RNUMB=85572&id=0338e2aa-207b-4f97-9dae-46c1b7a984b2&fid=3">Low Res - Viewable / Office Printer</a></td></tr></table>
      11-05-2015 01:07:17 - ORDER:   Download Links Email Text: ....<table><tr><td>You have requested the following digital files from the Howden collateral fulfillment site. Please click on the links below and follow all appropriate directions to retrieve your files. Note that these links will only remain active for a period of 48 hours from the time your request was placed.</td></tr></table><table><tr><th>19572B_BCENT DNLD</th></tr><tr><td><a href="http://www.para-inc.com/POSN/ordReviewLanding.aspx?RNUMB=85572&id=21c4a99e-a812-4960-98dc-05ca5b5d605c&fid=3">Low Res - Viewable / Office Printer</a></td></tr><tr><th>20317_S_RBS DNLD</th></tr><tr><td><a href="http://www.para-inc.com/POSN/ordReviewLanding.aspx?RNUMB=85572&id=469633a9-f8b9-4d1d-91bd-21ca73692a15&fid=3">Low Res - Viewable / Office Printer</a></td></tr><tr><th>B-Controls DNLD</th></tr><tr><td><a href="http://www.para-inc.com/POSN/ordReviewLanding.aspx?RNUMB=85572&id=bb06c061-8926-409b-bb7a-dce6e0182962&fid=3">Low Res - Viewable / Office Printer</a></td></tr><tr><th>HOG2634_HPC_HWT DNLD</th></tr><tr><td><a href="http://www.para-inc.com/POSN/ordReviewLanding.aspx?RNUMB=85572&id=bcbbdeef-f1c2-415d-a30d-281228f349be&fid=3">Low Res - Viewable / Office Printer</a></td></tr><tr><th>S-12K84 DNLD</th></tr><tr><td><a href="http://www.para-inc.com/POSN/ordReviewLanding.aspx?RNUMB=85572&id=5d1daf96-b8b1-4b1e-bda5-caf081e4d639&fid=3">Low Res - Viewable / Office Printer</a></td></tr><tr><th>S-27S03 DNLD</th></tr><tr><td><a href="http://www.para-inc.com/POSN/ordReviewLanding.aspx?RNUMB=85572&id=ea3605e3-4d66-48a9-a5dd-6eff28887577&fid=3">Low Res - Viewable / Office Printer</a></td></tr><tr><th>S-30F97 DNLD</th></tr><tr><td><a href="http://www.para-inc.com/POSN/ordReviewLanding.aspx?RNUMB=85572&id=72c1d281-3ca6-4fba-ae9a-07f3b4e513af&fid=3">Low Res - Viewable / Office Printer</a></td></tr><tr><th>S-EAZ8000 DNLD</th></tr><tr><td><a href="http://www.para-inc.com/POSN/ordReviewLanding.aspx?RNUMB=85572&id=0338e2aa-207b-4f97-9dae-46c1b7a984b2&fid=3">Low Res - Viewable / Office Printer</a></td></tr></table>
      11-05-2015 01:07:17 - ORDER:    SendMessage - trying to send email to: ted@rmrdevelopment.com, Subject: Request Number 85572
      11-05-2015 01:07:38 - ORDER:    SendNewOrderNotifications for order# 85572
      11-05-2015 01:07:38 - ORDER:    OrderCreate End... True11/5/2015 1:07:38 PM

      11-05-2015 01:07:38 - ORDER:    Closing Connection
      11-05-2015 01:07:38 - ORDER:    OrderID = 85572
      11-05-2015 01:07:38 - ORDER:    OrderCreate >> Success ? True

