      02-09-2015 09:43:17 - ORDER:    OrderCreate Start...  
      02-09-2015 09:43:17 - ORDER:      Base Order Start...
      02-09-2015 09:43:17 - ORDER:        Base Variables Loaded...
      02-09-2015 09:43:17 - ORDER:      Connected...
      02-09-2015 09:43:17 - ORDER:      Access Code ID:  497
      02-09-2015 09:43:17 - ORDER:        Inserted Base Record:  INSERT INTO [Order] (StatusID, AccessCodeID, RequestDate, Requestor_Title, Requestor_FirstName, Requestor_LastName, Requestor_Email, CoverSheetID, CS_Content, ProcessingChg, MonthlyChg, FreightMarkupChg, PreferredShipID, ActualShipID, ShipHdChg, ShipNote, ShipTo_Name, ShipTo_Address1, ShipTo_Address2, ShipTo_City, ShipTo_State, ShipTo_ZipCode, ShipTo_Country, ShipTo_ContactFirstName, ShipTo_ContactLastName, ModifiedDate,TempGUID,RecipientPhone,RecipientEmail ,SendRecipientConfirmEmail ) VALUES (6, 497, '2/9/2015 9:43:17 AM', '', 'Steve', 'Higgins', 'steve.higgins@waynehomes.com', 30, '', 2.5, 172, 10, 26, 26, 0, '', '', '2 Knottingham Manor', '', 'Williamstown', 'WV', '26187', 'United States', 'Megan', 'Ridgway','2/9/2015 9:43:17 AM','114e414d-79c8-4227-af90-180c53df9d8c', '', '', 'False') 
      02-09-2015 09:43:17 - ORDER:          Message:    Successful Execute
      02-09-2015 09:43:17 - ORDER:      Reading Order ID...  497 AND 2/9/2015 9:43:17 AM
      02-09-2015 09:43:17 - ORDER:        SELECT ID AS OrderID FROM [Order] WHERE ((AccessCodeID = 497) AND (TempGUID = '114e414d-79c8-4227-af90-180c53df9d8c'))
      02-09-2015 09:43:17 - ORDER:        Located Order ID...  80355
      02-09-2015 09:43:17 - ORDER:        Order ID:  80355
      02-09-2015 09:43:17 - ORDER:      Base Order End
      02-09-2015 09:43:17 - ORDER:      Saving Custom Start...
      02-09-2015 09:43:17 - ORDER:        Attempt to Reset Cnn - OrderCreate_Custom
      02-09-2015 09:43:17 - ORDER:      Saved Custom End True
      02-09-2015 09:43:17 - ORDER:      Saving Items Start...
      02-09-2015 09:43:17 - ORDER:        Attempt to Reset Cnn - OrderCreate_Itms
      02-09-2015 09:43:17 - ORDER:      Saved Items End True
      02-09-2015 09:43:17 - ORDER:      Saving Kits Start...
      02-09-2015 09:43:17 - ORDER:        Attempt to Reset Cnn - OrderCreate_Kits
      02-09-2015 09:43:53 - ORDER:      Saved Kits End True
      02-09-2015 09:43:53 - ORDER:      Requires Authorization:  False
      02-09-2015 09:43:53 - ORDER:      Order Activated:  True
      02-09-2015 09:43:53 - ORDER:    SendMessage - trying to send email to: steve.higgins@waynehomes.com, Subject: Order Confirmation
      02-09-2015 09:44:14 - ORDER:    SendNewOrderNotifications for order# 80355
      02-09-2015 09:44:14 - ORDER:    OrderCreate End... True2/9/2015 9:44:14 AM

      02-09-2015 09:44:14 - ORDER:    Closing Connection
      02-09-2015 09:44:14 - ORDER:    OrderID = 80355
      02-09-2015 09:44:14 - ORDER:    OrderCreate >> Success ? True

      02-09-2015 09:47:41 - ORDER:    OrderCreate Start...  
      02-09-2015 09:47:41 - ORDER:      Base Order Start...
      02-09-2015 09:47:41 - ORDER:        Base Variables Loaded...
      02-09-2015 09:47:41 - ORDER:      Connected...
      02-09-2015 09:47:41 - ORDER:      Access Code ID:  497
      02-09-2015 09:47:41 - ORDER:        Inserted Base Record:  INSERT INTO [Order] (StatusID, AccessCodeID, RequestDate, Requestor_Title, Requestor_FirstName, Requestor_LastName, Requestor_Email, CoverSheetID, CS_Content, ProcessingChg, MonthlyChg, FreightMarkupChg, PreferredShipID, ActualShipID, ShipHdChg, ShipNote, ShipTo_Name, ShipTo_Address1, ShipTo_Address2, ShipTo_City, ShipTo_State, ShipTo_ZipCode, ShipTo_Country, ShipTo_ContactFirstName, ShipTo_ContactLastName, ModifiedDate,TempGUID,RecipientPhone,RecipientEmail ,SendRecipientConfirmEmail ) VALUES (6, 497, '2/9/2015 9:47:41 AM', '', 'Steve', 'Higgins', 'steve.higgins@waynehomes.com', 30, '', 2.5, 172, 10, 26, 26, 0, '', '', '2 Knottingham Manor', '', 'Williamstown', 'WV', '26187', 'United States', 'Megan', 'Ridgway','2/9/2015 9:47:41 AM','ca3d4af2-b122-450e-9bb2-5bcbe975526a', '', '', 'False') 
      02-09-2015 09:47:41 - ORDER:          Message:    Successful Execute
      02-09-2015 09:47:41 - ORDER:      Reading Order ID...  497 AND 2/9/2015 9:47:41 AM
      02-09-2015 09:47:41 - ORDER:        SELECT ID AS OrderID FROM [Order] WHERE ((AccessCodeID = 497) AND (TempGUID = 'ca3d4af2-b122-450e-9bb2-5bcbe975526a'))
      02-09-2015 09:47:41 - ORDER:        Located Order ID...  80356
      02-09-2015 09:47:41 - ORDER:        Order ID:  80356
      02-09-2015 09:47:41 - ORDER:      Base Order End
      02-09-2015 09:47:41 - ORDER:      Saving Custom Start...
      02-09-2015 09:47:41 - ORDER:        Attempt to Reset Cnn - OrderCreate_Custom
      02-09-2015 09:47:41 - ORDER:      Saved Custom End True
      02-09-2015 09:47:41 - ORDER:      Saving Items Start...
      02-09-2015 09:47:41 - ORDER:        Attempt to Reset Cnn - OrderCreate_Itms
      02-09-2015 09:47:41 - ORDER:      Saved Items End True
      02-09-2015 09:47:41 - ORDER:      Saving Kits Start...
      02-09-2015 09:47:41 - ORDER:        Attempt to Reset Cnn - OrderCreate_Kits
      02-09-2015 09:48:16 - ORDER:      Saved Kits End True
      02-09-2015 09:48:16 - ORDER:      Requires Authorization:  False
      02-09-2015 09:48:16 - ORDER:      Order Activated:  True
      02-09-2015 09:48:16 - ORDER:    SendMessage - trying to send email to: steve.higgins@waynehomes.com, Subject: Order Confirmation
      02-09-2015 09:48:37 - ORDER:    SendNewOrderNotifications for order# 80356
      02-09-2015 09:48:37 - ORDER:    OrderCreate End... True2/9/2015 9:48:37 AM

      02-09-2015 09:48:37 - ORDER:    Closing Connection
      02-09-2015 09:48:37 - ORDER:    OrderID = 80356
      02-09-2015 09:48:37 - ORDER:    OrderCreate >> Success ? True

