      03-17-2015 02:21:49 - ORDER:    OrderCreate Start...  
      03-17-2015 02:21:49 - ORDER:      Base Order Start...
      03-17-2015 02:21:49 - ORDER:        Base Variables Loaded...
      03-17-2015 02:21:49 - ORDER:      Connected...
      03-17-2015 02:21:49 - ORDER:      Access Code ID:  525
      03-17-2015 02:21:49 - ORDER:        Inserted Base Record:  INSERT INTO [Order] (StatusID, AccessCodeID, RequestDate, Requestor_Title, Requestor_FirstName, Requestor_LastName, Requestor_Email, CoverSheetID, CS_Content, ProcessingChg, MonthlyChg, FreightMarkupChg, PreferredShipID, ActualShipID, ShipHdChg, ShipNote, ShipTo_Name, ShipTo_Address1, ShipTo_Address2, ShipTo_City, ShipTo_State, ShipTo_ZipCode, ShipTo_Country, ShipTo_ContactFirstName, ShipTo_ContactLastName, ModifiedDate,TempGUID,RecipientPhone,RecipientEmail ,SendRecipientConfirmEmail ) VALUES (6, 525, '3/17/2015 2:21:49 PM', '', 'ted', 'demetro', 'tdemetro@gmail.com', 95, 'Packing List', 0, 250, 20, 173, 173, 0, '', '', 'N/A', '', 'N/A', 'N/A', 'N/A', 'N/A', 'ted', 'demetro','3/17/2015 2:21:49 PM','d45a7d30-5613-4bbb-aa06-aabeb65f8f67', '', '', 'False') 
      03-17-2015 02:21:49 - ORDER:          Message:    Successful Execute
      03-17-2015 02:21:49 - ORDER:      Reading Order ID...  525 AND 3/17/2015 2:21:49 PM
      03-17-2015 02:21:49 - ORDER:        SELECT ID AS OrderID FROM [Order] WHERE ((AccessCodeID = 525) AND (TempGUID = 'd45a7d30-5613-4bbb-aa06-aabeb65f8f67'))
      03-17-2015 02:21:49 - ORDER:        Located Order ID...  81042
      03-17-2015 02:21:49 - ORDER:        Order ID:  81042
      03-17-2015 02:21:49 - ORDER:      Base Order End
      03-17-2015 02:21:49 - ORDER:      Saving Custom Start...
      03-17-2015 02:21:49 - ORDER:        Attempt to Reset Cnn - OrderCreate_Custom
      03-17-2015 02:21:49 - ORDER:      Saved Custom End True
      03-17-2015 02:21:49 - ORDER:      Saving Items Start...
      03-17-2015 02:21:49 - ORDER:        Attempt to Reset Cnn - OrderCreate_Itms
      03-17-2015 02:21:49 - ORDER:      Saved Items End True
      03-17-2015 02:21:49 - ORDER:      Saving Kits Start...
      03-17-2015 02:21:49 - ORDER:        Attempt to Reset Cnn - OrderCreate_Kits
      03-17-2015 02:21:49 - ORDER:      Saved Kits End True
      03-17-2015 02:21:49 - ORDER:      Requires Authorization:  False
      03-17-2015 02:21:50 - ORDER:      Order Activated:  True
      03-17-2015 02:21:50 - ORDER:    SendMessage - trying to send email to: tdemetro@gmail.com, Subject: Order Confirmation
      03-17-2015 02:22:11 - ORDER:      ActivateDownloadableItems Email text...<table><tr><td>You have requested the following digital files from the Clarcor Industrial Air collateral fulfillment site. Please click on the links below and follow all appropriate directions to retrieve your files. Note that these links will only remain active for a period of 48 hours from the time your request was placed.</td></tr></table><table><tr><th>AbouteVent DNLD</th></tr><tr><td><a href="http://www.para-inc.com/POSN/ordReviewLanding.aspx?RNUMB=81042&id=d74ec952-1027-4e82-9a51-e6308c134fd9&fid=1">High Res - Commercial Print Ready</a></td></tr><tr><td><a href="http://www.para-inc.com/POSN/ordReviewLanding.aspx?RNUMB=81042&id=d74ec952-1027-4e82-9a51-e6308c134fd9&fid=3">Low Res - Viewable / Office Printer</a></td></tr></table>
      03-17-2015 02:22:11 - ORDER:    SendMessage - trying to send email to: tdemetro@gmail.com, Subject: Request Number 81042
      03-17-2015 02:22:32 - ORDER:    SendNewOrderNotifications for order# 81042
      03-17-2015 02:22:32 - ORDER:    OrderCreate End... True3/17/2015 2:22:32 PM

      03-17-2015 02:22:32 - ORDER:    Closing Connection
      03-17-2015 02:22:32 - ORDER:    OrderID = 81042
      03-17-2015 02:22:32 - ORDER:    OrderCreate >> Success ? True

