      12-08-2014 02:46:25 - ORDER:    OrderCreate Start...  
      12-08-2014 02:46:25 - ORDER:      Base Order Start...
      12-08-2014 02:46:25 - ORDER:        Base Variables Loaded...
      12-08-2014 02:46:25 - ORDER:      Connected...
      12-08-2014 02:46:25 - ORDER:      Access Code ID:  463
      12-08-2014 02:46:25 - ORDER:        Inserted Base Record:  INSERT INTO [Order] (StatusID, AccessCodeID, RequestDate, Requestor_Title, Requestor_FirstName, Requestor_LastName, Requestor_Email, CoverSheetID, CS_Content, ProcessingChg, MonthlyChg, FreightMarkupChg, PreferredShipID, ActualShipID, ShipHdChg, ShipNote, ShipTo_Name, ShipTo_Address1, ShipTo_Address2, ShipTo_City, ShipTo_State, ShipTo_ZipCode, ShipTo_Country, ShipTo_ContactFirstName, ShipTo_ContactLastName, ModifiedDate,TempGUID,RecipientPhone,RecipientEmail ,SendRecipientConfirmEmail ) VALUES (6, 463, '12/8/2014 2:46:25 PM', '', 'Jim', 'MacDonald', 'jim.macdonald@progressivefoam.com', 84, '', 2.65, 275, 10, 137, 137, 0, '', 'ABC Supply Co, Inc.', '150 State Street', '', 'St. Paul', 'MN', '55107-1409', 'United States', 'Tom', 'Erickson','12/8/2014 2:46:25 PM','4191d20f-df1a-4cdb-8161-c039eba8ffd8', '3302802210', '', 'False') 
      12-08-2014 02:46:25 - ORDER:          Message:    Successful Execute
      12-08-2014 02:46:26 - ORDER:      Reading Order ID...  463 AND 12/8/2014 2:46:25 PM
      12-08-2014 02:46:26 - ORDER:        SELECT ID AS OrderID FROM [Order] WHERE ((AccessCodeID = 463) AND (TempGUID = '4191d20f-df1a-4cdb-8161-c039eba8ffd8'))
      12-08-2014 02:46:26 - ORDER:        Located Order ID...  79296
      12-08-2014 02:46:26 - ORDER:        Order ID:  79296
      12-08-2014 02:46:26 - ORDER:      Base Order End
      12-08-2014 02:46:26 - ORDER:      Saving Custom Start...
      12-08-2014 02:46:26 - ORDER:        Attempt to Reset Cnn - OrderCreate_Custom
      12-08-2014 02:46:26 - ORDER:      Saved Custom End True
      12-08-2014 02:46:26 - ORDER:      Saving Items Start...
      12-08-2014 02:46:26 - ORDER:        Attempt to Reset Cnn - OrderCreate_Itms
      12-08-2014 02:46:26 - ORDER:      Saved Items End True
      12-08-2014 02:46:26 - ORDER:      Saving Kits Start...
      12-08-2014 02:46:26 - ORDER:        Attempt to Reset Cnn - OrderCreate_Kits
      12-08-2014 02:46:26 - ORDER:      Saved Kits End True
      12-08-2014 02:46:26 - ORDER:      Requires Authorization:  False
      12-08-2014 02:46:26 - ORDER:      Order Activated:  True
      12-08-2014 02:46:26 - ORDER:    SendMessage - trying to send email to: jim.macdonald@progressivefoam.com, Subject: Order Confirmation
      12-08-2014 02:46:47 - ORDER:    SendNewOrderNotifications for order# 79296
      12-08-2014 02:46:47 - ORDER:    SendNewOrderNotifications - Secondary - 
      12-08-2014 02:46:47 - ORDER:    SendMessage - trying to send email to: kathy@progressivefoam.com, Subject: Order Confirmation
      12-08-2014 02:47:08 - ORDER:    SendMessage - trying to send email to:  Jessica.morris@progressivefoam.com, Subject: Order Confirmation
      12-08-2014 02:47:29 - ORDER:    SendMessage - trying to send email to:  , Subject: Order Confirmation
      12-08-2014 02:47:29 - ORDER:    SendNewOrderNotifications - Para Sales Contact - kathy@progressivefoam.com; Jessica.morris@progressivefoam.com; 
      12-08-2014 02:47:29 - ORDER:    SendMessage - trying to send email to: SBoz@para-inc.com, Subject: Order Confirmation
      12-08-2014 02:47:50 - ORDER:    OrderCreate End... True12/8/2014 2:47:50 PM

      12-08-2014 02:47:50 - ORDER:    Closing Connection
      12-08-2014 02:47:50 - ORDER:    OrderID = 79296
      12-08-2014 02:47:50 - ORDER:    OrderCreate >> Success ? True

      12-08-2014 03:03:35 - ORDER:    OrderCreate Start...  
      12-08-2014 03:03:35 - ORDER:      Base Order Start...
      12-08-2014 03:03:35 - ORDER:        Base Variables Loaded...
      12-08-2014 03:03:35 - ORDER:      Connected...
      12-08-2014 03:03:35 - ORDER:      Access Code ID:  463
      12-08-2014 03:03:35 - ORDER:        Inserted Base Record:  INSERT INTO [Order] (StatusID, AccessCodeID, RequestDate, Requestor_Title, Requestor_FirstName, Requestor_LastName, Requestor_Email, CoverSheetID, CS_Content, ProcessingChg, MonthlyChg, FreightMarkupChg, PreferredShipID, ActualShipID, ShipHdChg, ShipNote, ShipTo_Name, ShipTo_Address1, ShipTo_Address2, ShipTo_City, ShipTo_State, ShipTo_ZipCode, ShipTo_Country, ShipTo_ContactFirstName, ShipTo_ContactLastName, ModifiedDate,TempGUID,RecipientPhone,RecipientEmail ,SendRecipientConfirmEmail ) VALUES (6, 463, '12/8/2014 3:03:35 PM', '', 'Jim', 'MacDonald', 'jim.macdonald@progressivefoam.com', 84, '', 2.65, 275, 10, 137, 137, 0, '', 'ABC Supply Co, Inc.', '150 State Street', '', 'St. Paul', 'MN', '55107-1409', 'United States', 'Tom', 'Erickson','12/8/2014 3:03:35 PM','28f08931-dea1-4a7c-b022-1ba73eed79fe', '3302802210', '', 'False') 
      12-08-2014 03:03:35 - ORDER:          Message:    Successful Execute
      12-08-2014 03:03:35 - ORDER:      Reading Order ID...  463 AND 12/8/2014 3:03:35 PM
      12-08-2014 03:03:35 - ORDER:        SELECT ID AS OrderID FROM [Order] WHERE ((AccessCodeID = 463) AND (TempGUID = '28f08931-dea1-4a7c-b022-1ba73eed79fe'))
      12-08-2014 03:03:35 - ORDER:        Located Order ID...  79297
      12-08-2014 03:03:35 - ORDER:        Order ID:  79297
      12-08-2014 03:03:35 - ORDER:      Base Order End
      12-08-2014 03:03:35 - ORDER:      Saving Custom Start...
      12-08-2014 03:03:35 - ORDER:        Attempt to Reset Cnn - OrderCreate_Custom
      12-08-2014 03:03:35 - ORDER:      Saved Custom End True
      12-08-2014 03:03:35 - ORDER:      Saving Items Start...
      12-08-2014 03:03:35 - ORDER:        Attempt to Reset Cnn - OrderCreate_Itms
      12-08-2014 03:03:35 - ORDER:      Saved Items End True
      12-08-2014 03:03:35 - ORDER:      Saving Kits Start...
      12-08-2014 03:03:35 - ORDER:        Attempt to Reset Cnn - OrderCreate_Kits
      12-08-2014 03:03:37 - ORDER:      Saved Kits End True
      12-08-2014 03:03:37 - ORDER:      Requires Authorization:  False
      12-08-2014 03:03:37 - ORDER:      Order Activated:  True
      12-08-2014 03:03:37 - ORDER:    SendMessage - trying to send email to: jim.macdonald@progressivefoam.com, Subject: Order Confirmation
      12-08-2014 03:03:58 - ORDER:    SendNewOrderNotifications for order# 79297
      12-08-2014 03:03:59 - ORDER:    SendNewOrderNotifications - Secondary - 
      12-08-2014 03:03:59 - ORDER:    SendMessage - trying to send email to: kathy@progressivefoam.com, Subject: Order Confirmation
      12-08-2014 03:04:20 - ORDER:    SendMessage - trying to send email to:  Jessica.morris@progressivefoam.com, Subject: Order Confirmation
      12-08-2014 03:04:41 - ORDER:    SendMessage - trying to send email to:  , Subject: Order Confirmation
      12-08-2014 03:04:41 - ORDER:    SendNewOrderNotifications - Para Sales Contact - kathy@progressivefoam.com; Jessica.morris@progressivefoam.com; 
      12-08-2014 03:04:41 - ORDER:    SendMessage - trying to send email to: SBoz@para-inc.com, Subject: Order Confirmation
      12-08-2014 03:05:02 - ORDER:    OrderCreate End... True12/8/2014 3:05:02 PM

      12-08-2014 03:05:02 - ORDER:    Closing Connection
      12-08-2014 03:05:02 - ORDER:    OrderID = 79297
      12-08-2014 03:05:02 - ORDER:    OrderCreate >> Success ? True

      12-08-2014 03:28:55 - ORDER:    OrderCreate Start...  
      12-08-2014 03:28:55 - ORDER:      Base Order Start...
      12-08-2014 03:28:55 - ORDER:        Base Variables Loaded...
      12-08-2014 03:28:55 - ORDER:      Connected...
      12-08-2014 03:28:55 - ORDER:      Access Code ID:  463
      12-08-2014 03:28:55 - ORDER:        Inserted Base Record:  INSERT INTO [Order] (StatusID, AccessCodeID, RequestDate, Requestor_Title, Requestor_FirstName, Requestor_LastName, Requestor_Email, CoverSheetID, CS_Content, ProcessingChg, MonthlyChg, FreightMarkupChg, PreferredShipID, ActualShipID, ShipHdChg, ShipNote, ShipTo_Name, ShipTo_Address1, ShipTo_Address2, ShipTo_City, ShipTo_State, ShipTo_ZipCode, ShipTo_Country, ShipTo_ContactFirstName, ShipTo_ContactLastName, ModifiedDate,TempGUID,RecipientPhone,RecipientEmail ,SendRecipientConfirmEmail ) VALUES (6, 463, '12/8/2014 3:28:55 PM', '', 'Jim', 'MacDonald', 'tdemetro@gmail.com', 84, '', 2.65, 275, 10, 137, 137, 0, '', 'ABC Supply Co, Inc.', '150 State Street', '', 'St. Paul', 'MN', '55107-1409', 'United States', 'Tom', 'Erickson','12/8/2014 3:28:55 PM','5307aad7-a4fb-43ee-b060-15325d474f06', '3302802210', 'tdemetro@gmail.com', 'True') 
      12-08-2014 03:28:55 - ORDER:          Message:    Successful Execute
      12-08-2014 03:28:55 - ORDER:      Reading Order ID...  463 AND 12/8/2014 3:28:55 PM
      12-08-2014 03:28:55 - ORDER:        SELECT ID AS OrderID FROM [Order] WHERE ((AccessCodeID = 463) AND (TempGUID = '5307aad7-a4fb-43ee-b060-15325d474f06'))
      12-08-2014 03:28:55 - ORDER:        Located Order ID...  79298
      12-08-2014 03:28:55 - ORDER:        Order ID:  79298
      12-08-2014 03:28:55 - ORDER:      Base Order End
      12-08-2014 03:28:55 - ORDER:      Saving Custom Start...
      12-08-2014 03:28:55 - ORDER:        Attempt to Reset Cnn - OrderCreate_Custom
      12-08-2014 03:28:55 - ORDER:      Saved Custom End True
      12-08-2014 03:28:55 - ORDER:      Saving Items Start...
      12-08-2014 03:28:55 - ORDER:        Attempt to Reset Cnn - OrderCreate_Itms
      12-08-2014 03:28:55 - ORDER:      Saved Items End True
      12-08-2014 03:28:55 - ORDER:      Saving Kits Start...
      12-08-2014 03:28:55 - ORDER:        Attempt to Reset Cnn - OrderCreate_Kits
      12-08-2014 03:28:57 - ORDER:      Saved Kits End True
      12-08-2014 03:28:57 - ORDER:      Requires Authorization:  False
      12-08-2014 03:28:57 - ORDER:      Order Activated:  True
      12-08-2014 03:28:57 - ORDER:    SendMessage - trying to send email to: tdemetro@gmail.com, Subject: Order Confirmation
      12-08-2014 03:29:54 - ORDER:    SendNewOrderNotifications for order# 79298
      12-08-2014 03:29:54 - ORDER:    SendNewOrderNotifications - Secondary - 
      12-08-2014 03:29:54 - ORDER:    SendMessage - trying to send email to: kathy@progressivefoam.com, Subject: Order Confirmation
      12-08-2014 03:30:16 - ORDER:    SendMessage - trying to send email to:  Jessica.morris@progressivefoam.com, Subject: Order Confirmation
      12-08-2014 03:30:37 - ORDER:    SendMessage - trying to send email to:  , Subject: Order Confirmation
      12-08-2014 03:30:37 - ORDER:    SendNewOrderNotifications - Para Sales Contact - kathy@progressivefoam.com; Jessica.morris@progressivefoam.com; 
      12-08-2014 03:30:37 - ORDER:    SendMessage - trying to send email to: SBoz@para-inc.com, Subject: Order Confirmation
      12-08-2014 03:30:58 - ORDER:    SendNewOrderNotifications - Recipient EmailSBoz@para-inc.com
      12-08-2014 03:30:58 - ORDER:    SendMessage - trying to send email to: tdemetro@gmail.com, Subject: Order Confirmation
      12-08-2014 03:31:20 - ORDER:    OrderCreate End... True12/8/2014 3:31:20 PM

      12-08-2014 03:31:20 - ORDER:    Closing Connection
      12-08-2014 03:31:20 - ORDER:    OrderID = 79298
      12-08-2014 03:31:20 - ORDER:    OrderCreate >> Success ? True

